{"numFailedTestSuites":0,"numFailedTests":0,"numPassedTestSuites":6,"numPassedTests":25,"numPendingTestSuites":0,"numPendingTests":0,"numRuntimeErrorTestSuites":0,"numTodoTests":0,"numTotalTestSuites":6,"numTotalTests":25,"openHandles":[],"snapshot":{"added":0,"didUpdate":false,"failure":false,"filesAdded":0,"filesRemoved":0,"filesRemovedList":[],"filesUnmatched":0,"filesUpdated":0,"matched":0,"total":0,"unchecked":0,"uncheckedKeysByFile":[],"unmatched":0,"updated":0},"startTime":1768485589606,"success":true,"testResults":[{"assertionResults":[{"ancestorTitles":["QuantumRegister Operations"],"duration":16,"failureDetails":[],"failureMessages":[],"fullName":"QuantumRegister Operations Should initialize correctly with n qubits","invocations":1,"location":null,"numPassingAsserts":4,"retryReasons":[],"status":"passed","title":"Should initialize correctly with n qubits"},{"ancestorTitles":["QuantumRegister Operations"],"duration":8,"failureDetails":[],"failureMessages":[],"fullName":"QuantumRegister Operations Pauli Gates (X, Y, Z)","invocations":1,"location":null,"numPassingAsserts":3,"retryReasons":[],"status":"passed","title":"Pauli Gates (X, Y, Z)"},{"ancestorTitles":["QuantumRegister Operations"],"duration":2,"failureDetails":[],"failureMessages":[],"fullName":"QuantumRegister Operations Hadamard Gate","invocations":1,"location":null,"numPassingAsserts":4,"retryReasons":[],"status":"passed","title":"Hadamard Gate"},{"ancestorTitles":["QuantumRegister Operations"],"duration":2,"failureDetails":[],"failureMessages":[],"fullName":"QuantumRegister Operations Controlled NOT (CNOT)","invocations":1,"location":null,"numPassingAsserts":1,"retryReasons":[],"status":"passed","title":"Controlled NOT (CNOT)"},{"ancestorTitles":["QuantumRegister Operations"],"duration":2,"failureDetails":[],"failureMessages":[],"fullName":"QuantumRegister Operations Toffoli Gate (CCNOT)","invocations":1,"location":null,"numPassingAsserts":1,"retryReasons":[],"status":"passed","title":"Toffoli Gate (CCNOT)"},{"ancestorTitles":["QuantumRegister Operations"],"duration":1,"failureDetails":[],"failureMessages":[],"fullName":"QuantumRegister Operations SWAP Gate","invocations":1,"location":null,"numPassingAsserts":1,"retryReasons":[],"status":"passed","title":"SWAP Gate"},{"ancestorTitles":["QuantumRegister Operations"],"duration":1,"failureDetails":[],"failureMessages":[],"fullName":"QuantumRegister Operations Phase Gate (S) and T Gate","invocations":1,"location":null,"numPassingAsserts":1,"retryReasons":[],"status":"passed","title":"Phase Gate (S) and T Gate"},{"ancestorTitles":["QuantumRegister Operations"],"duration":2,"failureDetails":[],"failureMessages":[],"fullName":"QuantumRegister Operations Rotation Gates (RX, RY)","invocations":1,"location":null,"numPassingAsserts":2,"retryReasons":[],"status":"passed","title":"Rotation Gates (RX, RY)"},{"ancestorTitles":["QuantumRegister Operations"],"duration":7,"failureDetails":[],"failureMessages":[],"fullName":"QuantumRegister Operations Entanglement (Bell pair)","invocations":1,"location":null,"numPassingAsserts":4,"retryReasons":[],"status":"passed","title":"Entanglement (Bell pair)"}],"endTime":1768485592626,"message":"","name":"C:\\Users\\Douglas\\Desktop\\QubitSim\\src\\tests\\QuantumRegister.test.js","startTime":1768485590273,"status":"passed","summary":""},{"assertionResults":[{"ancestorTitles":["BernsteinVazirani Algorithm"],"duration":31,"failureDetails":[],"failureMessages":[],"fullName":"BernsteinVazirani Algorithm deve encontrar a string oculta corretamente","invocations":1,"location":null,"numPassingAsserts":1,"retryReasons":[],"status":"passed","title":"deve encontrar a string oculta corretamente"},{"ancestorTitles":["BernsteinVazirani Algorithm"],"duration":2,"failureDetails":[],"failureMessages":[],"fullName":"BernsteinVazirani Algorithm deve funcionar com diferentes strings ocultas","invocations":1,"location":null,"numPassingAsserts":1,"retryReasons":[],"status":"passed","title":"deve funcionar com diferentes strings ocultas"},{"ancestorTitles":["BernsteinVazirani Algorithm"],"duration":3,"failureDetails":[],"failureMessages":[],"fullName":"BernsteinVazirani Algorithm deve funcionar com diferentes números de qubits","invocations":1,"location":null,"numPassingAsserts":1,"retryReasons":[],"status":"passed","title":"deve funcionar com diferentes números de qubits"},{"ancestorTitles":["BernsteinVazirani Algorithm"],"duration":1,"failureDetails":[],"failureMessages":[],"fullName":"BernsteinVazirani Algorithm deve lidar com diferentes bits de paridade","invocations":1,"location":null,"numPassingAsserts":1,"retryReasons":[],"status":"passed","title":"deve lidar com diferentes bits de paridade"}],"endTime":1768485592636,"message":"","name":"C:\\Users\\Douglas\\Desktop\\QubitSim\\interface\\src\\tests\\BernsteinVazirani.test.js","startTime":1768485590284,"status":"passed","summary":""},{"assertionResults":[{"ancestorTitles":["Unified Physics (ToE)"],"duration":17,"failureDetails":[],"failureMessages":[],"fullName":"Unified Physics (ToE) OMEGA constant should be ~117.038","invocations":1,"location":null,"numPassingAsserts":1,"retryReasons":[],"status":"passed","title":"OMEGA constant should be ~117.038"},{"ancestorTitles":["Unified Physics (ToE)"],"duration":17,"failureDetails":[],"failureMessages":[],"fullName":"Unified Physics (ToE) Entropic Optimizer should minimize quadratic function","invocations":1,"location":null,"numPassingAsserts":2,"retryReasons":[],"status":"passed","title":"Entropic Optimizer should minimize quadratic function"},{"ancestorTitles":["Unified Physics (ToE)"],"duration":2,"failureDetails":[],"failureMessages":[],"fullName":"Unified Physics (ToE) Vacuum Fluctuations should alter Qubit state","invocations":1,"location":null,"numPassingAsserts":2,"retryReasons":[],"status":"passed","title":"Vacuum Fluctuations should alter Qubit state"},{"ancestorTitles":["Unified Physics (ToE)"],"duration":1,"failureDetails":[],"failureMessages":[],"fullName":"Unified Physics (ToE) Entropic Gravity should return positive force","invocations":1,"location":null,"numPassingAsserts":1,"retryReasons":[],"status":"passed","title":"Entropic Gravity should return positive force"},{"ancestorTitles":["Unified Physics (ToE)"],"duration":1,"failureDetails":[],"failureMessages":[],"fullName":"Unified Physics (ToE) Holographic Entropy should be proportional to Area","invocations":1,"location":null,"numPassingAsserts":1,"retryReasons":[],"status":"passed","title":"Holographic Entropy should be proportional to Area"},{"ancestorTitles":["BB84 Quantum Key Distribution"],"duration":13,"failureDetails":[],"failureMessages":[],"fullName":"BB84 Quantum Key Distribution Simulate Key Exchange should return matched key and low error rate","invocations":1,"location":null,"numPassingAsserts":3,"retryReasons":[],"status":"passed","title":"Simulate Key Exchange should return matched key and low error rate"}],"endTime":1768485592792,"message":"","name":"C:\\Users\\Douglas\\Desktop\\QubitSim\\src\\tests\\UnifiedPhysics.test.js","startTime":1768485590315,"status":"passed","summary":""},{"assertionResults":[{"ancestorTitles":["Sanity Import Check"],"duration":1,"failureDetails":[],"failureMessages":[],"fullName":"Sanity Import Check Qubit instantiates","invocations":1,"location":null,"numPassingAsserts":1,"retryReasons":[],"status":"passed","title":"Qubit instantiates"}],"endTime":1768485592825,"message":"","name":"C:\\Users\\Douglas\\Desktop\\QubitSim\\sanity_import.test.js","startTime":1768485592696,"status":"passed","summary":""},{"assertionResults":[{"ancestorTitles":["Encryption Utilities"],"duration":5,"failureDetails":[],"failureMessages":[],"fullName":"Encryption Utilities Should encrypt and decrypt a message correctly","invocations":1,"location":null,"numPassingAsserts":2,"retryReasons":[],"status":"passed","title":"Should encrypt and decrypt a message correctly"},{"ancestorTitles":["Quantum Fourier Transform (QFT)"],"duration":2,"failureDetails":[],"failureMessages":[],"fullName":"Quantum Fourier Transform (QFT) Inverse QFT of |+++> should be |000>","invocations":1,"location":null,"numPassingAsserts":1,"retryReasons":[],"status":"passed","title":"Inverse QFT of |+++> should be |000>"},{"ancestorTitles":["Shor Algorithm"],"duration":12,"failureDetails":[],"failureMessages":[],"fullName":"Shor Algorithm Should factor 15 correctly (Simulated)","invocations":1,"location":null,"numPassingAsserts":2,"retryReasons":[],"status":"passed","title":"Should factor 15 correctly (Simulated)"},{"ancestorTitles":["Shor Algorithm"],"duration":4,"failureDetails":[],"failureMessages":[],"fullName":"Shor Algorithm Should fail for odd period","invocations":1,"location":null,"numPassingAsserts":1,"retryReasons":[],"status":"passed","title":"Should fail for odd period"}],"endTime":1768485592912,"message":"","name":"C:\\Users\\Douglas\\Desktop\\QubitSim\\src\\tests\\AlgorithmsValues.test.js","startTime":1768485592687,"status":"passed","summary":""},{"assertionResults":[{"ancestorTitles":["Sanity Check"],"duration":1,"failureDetails":[],"failureMessages":[],"fullName":"Sanity Check true is true","invocations":1,"location":null,"numPassingAsserts":1,"retryReasons":[],"status":"passed","title":"true is true"}],"endTime":1768485592974,"message":"","name":"C:\\Users\\Douglas\\Desktop\\QubitSim\\sanity.test.js","startTime":1768485592841,"status":"passed","summary":""}],"wasInterrupted":false,"coverageMap":{"C:\\Users\\Douglas\\Desktop\\QubitSim\\src\\core\\unified_physics.js":{"path":"C:\\Users\\Douglas\\Desktop\\QubitSim\\src\\core\\unified_physics.js","statementMap":{"0":{"start":{"line":7,"column":21},"end":{"line":7,"column":28}},"1":{"start":{"line":18,"column":17},"end":{"line":18,"column":62}},"2":{"start":{"line":19,"column":17},"end":{"line":19,"column":60}},"3":{"start":{"line":22,"column":20},"end":{"line":22,"column":69}},"4":{"start":{"line":24,"column":15},"end":{"line":24,"column":52}},"5":{"start":{"line":25,"column":15},"end":{"line":25,"column":52}},"6":{"start":{"line":27,"column":2},"end":{"line":27,"column":33}},"7":{"start":{"line":42,"column":6},"end":{"line":42,"column":13}},"8":{"start":{"line":44,"column":10},"end":{"line":44,"column":27}},"9":{"start":{"line":45,"column":14},"end":{"line":45,"column":20}},"10":{"start":{"line":46,"column":16},"end":{"line":46,"column":23}},"11":{"start":{"line":48,"column":2},"end":{"line":78,"column":3}},"12":{"start":{"line":48,"column":18},"end":{"line":48,"column":19}},"13":{"start":{"line":50,"column":14},"end":{"line":50,"column":59}},"14":{"start":{"line":54,"column":18},"end":{"line":57,"column":6}},"15":{"start":{"line":55,"column":16},"end":{"line":55,"column":29}},"16":{"start":{"line":56,"column":6},"end":{"line":56,"column":47}},"17":{"start":{"line":60,"column":17},"end":{"line":60,"column":50}},"18":{"start":{"line":60,"column":35},"end":{"line":60,"column":49}},"19":{"start":{"line":63,"column":23},"end":{"line":63,"column":30}},"20":{"start":{"line":64,"column":19},"end":{"line":64,"column":29}},"21":{"start":{"line":65,"column":18},"end":{"line":65,"column":37}},"22":{"start":{"line":68,"column":19},"end":{"line":68,"column":39}},"23":{"start":{"line":71,"column":4},"end":{"line":77,"column":5}},"24":{"start":{"line":72,"column":6},"end":{"line":72,"column":15}},"25":{"start":{"line":73,"column":6},"end":{"line":76,"column":7}},"26":{"start":{"line":74,"column":8},"end":{"line":74,"column":23}},"27":{"start":{"line":75,"column":8},"end":{"line":75,"column":25}},"28":{"start":{"line":80,"column":2},"end":{"line":80,"column":52}},"29":{"start":{"line":90,"column":2},"end":{"line":90,"column":38}},"30":{"start":{"line":90,"column":22},"end":{"line":90,"column":38}},"31":{"start":{"line":97,"column":12},"end":{"line":97,"column":21}},"32":{"start":{"line":98,"column":20},"end":{"line":98,"column":48}},"33":{"start":{"line":102,"column":28},"end":{"line":102,"column":56}},"34":{"start":{"line":104,"column":2},"end":{"line":104,"column":39}},"35":{"start":{"line":115,"column":15},"end":{"line":115,"column":31}},"36":{"start":{"line":116,"column":2},"end":{"line":116,"column":34}}},"fnMap":{"0":{"name":"calculateVacuumFluctuation","decl":{"start":{"line":16,"column":16},"end":{"line":16,"column":42}},"loc":{"start":{"line":16,"column":64},"end":{"line":28,"column":1}},"line":16},"1":{"name":"entropicOptimizer","decl":{"start":{"line":37,"column":16},"end":{"line":37,"column":33}},"loc":{"start":{"line":37,"column":68},"end":{"line":81,"column":1}},"line":37},"2":{"name":"(anonymous_2)","decl":{"start":{"line":54,"column":24},"end":{"line":54,"column":25}},"loc":{"start":{"line":54,"column":30},"end":{"line":57,"column":5}},"line":54},"3":{"name":"(anonymous_3)","decl":{"start":{"line":60,"column":23},"end":{"line":60,"column":24}},"loc":{"start":{"line":60,"column":35},"end":{"line":60,"column":49}},"line":60},"4":{"name":"calculateEntropicGravity","decl":{"start":{"line":89,"column":16},"end":{"line":89,"column":40}},"loc":{"start":{"line":89,"column":57},"end":{"line":105,"column":1}},"line":89},"5":{"name":"calculateHolographicEntropy","decl":{"start":{"line":112,"column":16},"end":{"line":112,"column":43}},"loc":{"start":{"line":112,"column":57},"end":{"line":117,"column":1}},"line":112}},"branchMap":{"0":{"loc":{"start":{"line":16,"column":43},"end":{"line":16,"column":62}},"type":"default-arg","locations":[{"start":{"line":16,"column":57},"end":{"line":16,"column":62}}],"line":16},"1":{"loc":{"start":{"line":37,"column":54},"end":{"line":37,"column":66}},"type":"default-arg","locations":[{"start":{"line":37,"column":64},"end":{"line":37,"column":66}}],"line":37},"2":{"loc":{"start":{"line":39,"column":4},"end":{"line":39,"column":28}},"type":"default-arg","locations":[{"start":{"line":39,"column":25},"end":{"line":39,"column":28}}],"line":39},"3":{"loc":{"start":{"line":40,"column":4},"end":{"line":40,"column":16}},"type":"default-arg","locations":[{"start":{"line":40,"column":12},"end":{"line":40,"column":16}}],"line":40},"4":{"loc":{"start":{"line":41,"column":4},"end":{"line":41,"column":22}},"type":"default-arg","locations":[{"start":{"line":41,"column":18},"end":{"line":41,"column":22}}],"line":41},"5":{"loc":{"start":{"line":71,"column":4},"end":{"line":77,"column":5}},"type":"if","locations":[{"start":{"line":71,"column":4},"end":{"line":77,"column":5}},{"start":{},"end":{}}],"line":71},"6":{"loc":{"start":{"line":71,"column":8},"end":{"line":71,"column":53}},"type":"binary-expr","locations":[{"start":{"line":71,"column":8},"end":{"line":71,"column":17}},{"start":{"line":71,"column":21},"end":{"line":71,"column":53}}],"line":71},"7":{"loc":{"start":{"line":73,"column":6},"end":{"line":76,"column":7}},"type":"if","locations":[{"start":{"line":73,"column":6},"end":{"line":76,"column":7}},{"start":{},"end":{}}],"line":73},"8":{"loc":{"start":{"line":90,"column":2},"end":{"line":90,"column":38}},"type":"if","locations":[{"start":{"line":90,"column":2},"end":{"line":90,"column":38}},{"start":{},"end":{}}],"line":90}},"s":{"0":5,"1":2,"2":2,"3":2,"4":2,"5":2,"6":2,"7":1,"8":1,"9":1,"10":1,"11":1,"12":1,"13":1000,"14":1000,"15":1000,"16":1000,"17":1000,"18":1000,"19":1000,"20":1000,"21":1000,"22":1000,"23":1000,"24":836,"25":836,"26":49,"27":49,"28":1,"29":1,"30":0,"31":1,"32":1,"33":1,"34":1,"35":1,"36":1},"f":{"0":2,"1":1,"2":1000,"3":1000,"4":1,"5":1},"b":{"0":[0],"1":[1],"2":[1],"3":[1],"4":[1],"5":[836,164],"6":[1000,555],"7":[49,787],"8":[0,1]},"_coverageSchema":"1a1c01bbd47fc00a2c39e90264f33305004495a9","hash":"c9d4b4efad46cdbfdb06edf10b7f090bcc667b98"},"C:\\Users\\Douglas\\Desktop\\QubitSim\\src\\core\\qubit.js":{"path":"C:\\Users\\Douglas\\Desktop\\QubitSim\\src\\core\\qubit.js","statementMap":{"0":{"start":{"line":11,"column":4},"end":{"line":11,"column":21}},"1":{"start":{"line":12,"column":4},"end":{"line":12,"column":21}},"2":{"start":{"line":17,"column":4},"end":{"line":17,"column":68}},"3":{"start":{"line":22,"column":4},"end":{"line":22,"column":46}},"4":{"start":{"line":27,"column":17},"end":{"line":27,"column":64}},"5":{"start":{"line":28,"column":17},"end":{"line":28,"column":64}},"6":{"start":{"line":29,"column":4},"end":{"line":29,"column":35}},"7":{"start":{"line":34,"column":4},"end":{"line":34,"column":71}},"8":{"start":{"line":39,"column":4},"end":{"line":42,"column":6}},"9":{"start":{"line":58,"column":4},"end":{"line":58,"column":23}},"10":{"start":{"line":59,"column":4},"end":{"line":59,"column":21}},"11":{"start":{"line":60,"column":4},"end":{"line":60,"column":21}},"12":{"start":{"line":67,"column":17},"end":{"line":69,"column":5}},"13":{"start":{"line":70,"column":4},"end":{"line":73,"column":5}},"14":{"start":{"line":71,"column":6},"end":{"line":71,"column":79}},"15":{"start":{"line":72,"column":6},"end":{"line":72,"column":76}},"16":{"start":{"line":82,"column":29},"end":{"line":82,"column":66}},"17":{"start":{"line":83,"column":28},"end":{"line":83,"column":65}},"18":{"start":{"line":85,"column":4},"end":{"line":85,"column":50}},"19":{"start":{"line":86,"column":4},"end":{"line":86,"column":47}},"20":{"start":{"line":88,"column":4},"end":{"line":88,"column":21}},"21":{"start":{"line":96,"column":18},"end":{"line":96,"column":45}},"22":{"start":{"line":97,"column":18},"end":{"line":97,"column":44}},"23":{"start":{"line":99,"column":19},"end":{"line":99,"column":32}},"24":{"start":{"line":101,"column":4},"end":{"line":111,"column":5}},"25":{"start":{"line":103,"column":6},"end":{"line":103,"column":37}},"26":{"start":{"line":104,"column":6},"end":{"line":104,"column":36}},"27":{"start":{"line":105,"column":6},"end":{"line":105,"column":15}},"28":{"start":{"line":108,"column":6},"end":{"line":108,"column":37}},"29":{"start":{"line":109,"column":6},"end":{"line":109,"column":36}},"30":{"start":{"line":110,"column":6},"end":{"line":110,"column":15}},"31":{"start":{"line":118,"column":18},"end":{"line":118,"column":30}},"32":{"start":{"line":119,"column":21},"end":{"line":122,"column":5}},"33":{"start":{"line":123,"column":20},"end":{"line":126,"column":5}},"34":{"start":{"line":128,"column":4},"end":{"line":128,"column":26}},"35":{"start":{"line":129,"column":4},"end":{"line":129,"column":24}},"36":{"start":{"line":136,"column":17},"end":{"line":136,"column":27}},"37":{"start":{"line":137,"column":4},"end":{"line":137,"column":27}},"38":{"start":{"line":138,"column":4},"end":{"line":138,"column":21}},"39":{"start":{"line":145,"column":21},"end":{"line":145,"column":65}},"40":{"start":{"line":146,"column":20},"end":{"line":146,"column":66}},"41":{"start":{"line":148,"column":4},"end":{"line":148,"column":26}},"42":{"start":{"line":149,"column":4},"end":{"line":149,"column":24}},"43":{"start":{"line":156,"column":4},"end":{"line":156,"column":62}},"44":{"start":{"line":164,"column":16},"end":{"line":164,"column":35}},"45":{"start":{"line":165,"column":16},"end":{"line":165,"column":35}},"46":{"start":{"line":167,"column":21},"end":{"line":170,"column":5}},"47":{"start":{"line":171,"column":20},"end":{"line":174,"column":5}},"48":{"start":{"line":176,"column":4},"end":{"line":176,"column":26}},"49":{"start":{"line":177,"column":4},"end":{"line":177,"column":24}},"50":{"start":{"line":185,"column":16},"end":{"line":185,"column":35}},"51":{"start":{"line":186,"column":16},"end":{"line":186,"column":35}},"52":{"start":{"line":188,"column":21},"end":{"line":191,"column":5}},"53":{"start":{"line":192,"column":20},"end":{"line":195,"column":5}},"54":{"start":{"line":197,"column":4},"end":{"line":197,"column":26}},"55":{"start":{"line":198,"column":4},"end":{"line":198,"column":24}},"56":{"start":{"line":206,"column":19},"end":{"line":206,"column":51}},"57":{"start":{"line":207,"column":19},"end":{"line":207,"column":50}},"58":{"start":{"line":209,"column":4},"end":{"line":209,"column":45}},"59":{"start":{"line":210,"column":4},"end":{"line":210,"column":43}},"60":{"start":{"line":218,"column":25},"end":{"line":218,"column":52}},"61":{"start":{"line":219,"column":4},"end":{"line":219,"column":49}},"62":{"start":{"line":227,"column":18},"end":{"line":227,"column":28}},"63":{"start":{"line":228,"column":17},"end":{"line":228,"column":26}},"64":{"start":{"line":230,"column":17},"end":{"line":230,"column":19}},"65":{"start":{"line":233,"column":4},"end":{"line":239,"column":5}},"66":{"start":{"line":234,"column":6},"end":{"line":238,"column":7}},"67":{"start":{"line":235,"column":8},"end":{"line":235,"column":48}},"68":{"start":{"line":237,"column":8},"end":{"line":237,"column":104}},"69":{"start":{"line":242,"column":4},"end":{"line":251,"column":5}},"70":{"start":{"line":243,"column":6},"end":{"line":245,"column":7}},"71":{"start":{"line":244,"column":8},"end":{"line":244,"column":24}},"72":{"start":{"line":246,"column":6},"end":{"line":250,"column":7}},"73":{"start":{"line":247,"column":8},"end":{"line":247,"column":47}},"74":{"start":{"line":249,"column":8},"end":{"line":249,"column":101}},"75":{"start":{"line":253,"column":4},"end":{"line":253,"column":28}},"76":{"start":{"line":261,"column":4},"end":{"line":264,"column":6}},"77":{"start":{"line":272,"column":4},"end":{"line":275,"column":6}}},"fnMap":{"0":{"name":"(anonymous_0)","decl":{"start":{"line":10,"column":2},"end":{"line":10,"column":3}},"loc":{"start":{"line":10,"column":34},"end":{"line":13,"column":3}},"line":10},"1":{"name":"(anonymous_1)","decl":{"start":{"line":16,"column":2},"end":{"line":16,"column":3}},"loc":{"start":{"line":16,"column":14},"end":{"line":18,"column":3}},"line":16},"2":{"name":"(anonymous_2)","decl":{"start":{"line":21,"column":2},"end":{"line":21,"column":3}},"loc":{"start":{"line":21,"column":14},"end":{"line":23,"column":3}},"line":21},"3":{"name":"(anonymous_3)","decl":{"start":{"line":26,"column":2},"end":{"line":26,"column":3}},"loc":{"start":{"line":26,"column":18},"end":{"line":30,"column":3}},"line":26},"4":{"name":"(anonymous_4)","decl":{"start":{"line":33,"column":2},"end":{"line":33,"column":3}},"loc":{"start":{"line":33,"column":13},"end":{"line":35,"column":3}},"line":33},"5":{"name":"(anonymous_5)","decl":{"start":{"line":38,"column":2},"end":{"line":38,"column":3}},"loc":{"start":{"line":38,"column":37},"end":{"line":43,"column":3}},"line":38},"6":{"name":"(anonymous_6)","decl":{"start":{"line":57,"column":2},"end":{"line":57,"column":3}},"loc":{"start":{"line":57,"column":67},"end":{"line":61,"column":3}},"line":57},"7":{"name":"(anonymous_7)","decl":{"start":{"line":66,"column":2},"end":{"line":66,"column":3}},"loc":{"start":{"line":66,"column":14},"end":{"line":74,"column":3}},"line":66},"8":{"name":"(anonymous_8)","decl":{"start":{"line":81,"column":2},"end":{"line":81,"column":3}},"loc":{"start":{"line":81,"column":45},"end":{"line":89,"column":3}},"line":81},"9":{"name":"(anonymous_9)","decl":{"start":{"line":95,"column":2},"end":{"line":95,"column":3}},"loc":{"start":{"line":95,"column":12},"end":{"line":112,"column":3}},"line":95},"10":{"name":"(anonymous_10)","decl":{"start":{"line":117,"column":2},"end":{"line":117,"column":3}},"loc":{"start":{"line":117,"column":18},"end":{"line":130,"column":3}},"line":117},"11":{"name":"(anonymous_11)","decl":{"start":{"line":135,"column":2},"end":{"line":135,"column":3}},"loc":{"start":{"line":135,"column":16},"end":{"line":139,"column":3}},"line":135},"12":{"name":"(anonymous_12)","decl":{"start":{"line":144,"column":2},"end":{"line":144,"column":3}},"loc":{"start":{"line":144,"column":16},"end":{"line":150,"column":3}},"line":144},"13":{"name":"(anonymous_13)","decl":{"start":{"line":155,"column":2},"end":{"line":155,"column":3}},"loc":{"start":{"line":155,"column":16},"end":{"line":157,"column":3}},"line":155},"14":{"name":"(anonymous_14)","decl":{"start":{"line":163,"column":2},"end":{"line":163,"column":3}},"loc":{"start":{"line":163,"column":17},"end":{"line":178,"column":3}},"line":163},"15":{"name":"(anonymous_15)","decl":{"start":{"line":184,"column":2},"end":{"line":184,"column":3}},"loc":{"start":{"line":184,"column":17},"end":{"line":199,"column":3}},"line":184},"16":{"name":"(anonymous_16)","decl":{"start":{"line":205,"column":2},"end":{"line":205,"column":3}},"loc":{"start":{"line":205,"column":17},"end":{"line":211,"column":3}},"line":205},"17":{"name":"(anonymous_17)","decl":{"start":{"line":217,"column":2},"end":{"line":217,"column":3}},"loc":{"start":{"line":217,"column":20},"end":{"line":220,"column":3}},"line":217},"18":{"name":"(anonymous_18)","decl":{"start":{"line":226,"column":2},"end":{"line":226,"column":3}},"loc":{"start":{"line":226,"column":13},"end":{"line":254,"column":3}},"line":226},"19":{"name":"(anonymous_19)","decl":{"start":{"line":260,"column":2},"end":{"line":260,"column":3}},"loc":{"start":{"line":260,"column":21},"end":{"line":265,"column":3}},"line":260},"20":{"name":"(anonymous_20)","decl":{"start":{"line":271,"column":2},"end":{"line":271,"column":3}},"loc":{"start":{"line":271,"column":10},"end":{"line":276,"column":3}},"line":271}},"branchMap":{"0":{"loc":{"start":{"line":10,"column":14},"end":{"line":10,"column":22}},"type":"default-arg","locations":[{"start":{"line":10,"column":21},"end":{"line":10,"column":22}}],"line":10},"1":{"loc":{"start":{"line":10,"column":24},"end":{"line":10,"column":32}},"type":"default-arg","locations":[{"start":{"line":10,"column":31},"end":{"line":10,"column":32}}],"line":10},"2":{"loc":{"start":{"line":57,"column":14},"end":{"line":57,"column":39}},"type":"default-arg","locations":[{"start":{"line":57,"column":22},"end":{"line":57,"column":39}}],"line":57},"3":{"loc":{"start":{"line":57,"column":41},"end":{"line":57,"column":65}},"type":"default-arg","locations":[{"start":{"line":57,"column":48},"end":{"line":57,"column":65}}],"line":57},"4":{"loc":{"start":{"line":70,"column":4},"end":{"line":73,"column":5}},"type":"if","locations":[{"start":{"line":70,"column":4},"end":{"line":73,"column":5}},{"start":{},"end":{}}],"line":70},"5":{"loc":{"start":{"line":81,"column":26},"end":{"line":81,"column":43}},"type":"default-arg","locations":[{"start":{"line":81,"column":38},"end":{"line":81,"column":43}}],"line":81},"6":{"loc":{"start":{"line":101,"column":4},"end":{"line":111,"column":5}},"type":"if","locations":[{"start":{"line":101,"column":4},"end":{"line":111,"column":5}},{"start":{"line":106,"column":11},"end":{"line":111,"column":5}}],"line":101},"7":{"loc":{"start":{"line":233,"column":4},"end":{"line":239,"column":5}},"type":"if","locations":[{"start":{"line":233,"column":4},"end":{"line":239,"column":5}},{"start":{},"end":{}}],"line":233},"8":{"loc":{"start":{"line":233,"column":8},"end":{"line":233,"column":68}},"type":"binary-expr","locations":[{"start":{"line":233,"column":8},"end":{"line":233,"column":36}},{"start":{"line":233,"column":40},"end":{"line":233,"column":68}}],"line":233},"9":{"loc":{"start":{"line":234,"column":6},"end":{"line":238,"column":7}},"type":"if","locations":[{"start":{"line":234,"column":6},"end":{"line":238,"column":7}},{"start":{"line":236,"column":13},"end":{"line":238,"column":7}}],"line":234},"10":{"loc":{"start":{"line":237,"column":46},"end":{"line":237,"column":72}},"type":"cond-expr","locations":[{"start":{"line":237,"column":64},"end":{"line":237,"column":67}},{"start":{"line":237,"column":70},"end":{"line":237,"column":72}}],"line":237},"11":{"loc":{"start":{"line":242,"column":4},"end":{"line":251,"column":5}},"type":"if","locations":[{"start":{"line":242,"column":4},"end":{"line":251,"column":5}},{"start":{},"end":{}}],"line":242},"12":{"loc":{"start":{"line":242,"column":8},"end":{"line":242,"column":66}},"type":"binary-expr","locations":[{"start":{"line":242,"column":8},"end":{"line":242,"column":35}},{"start":{"line":242,"column":39},"end":{"line":242,"column":66}}],"line":242},"13":{"loc":{"start":{"line":243,"column":6},"end":{"line":245,"column":7}},"type":"if","locations":[{"start":{"line":243,"column":6},"end":{"line":245,"column":7}},{"start":{},"end":{}}],"line":243},"14":{"loc":{"start":{"line":246,"column":6},"end":{"line":250,"column":7}},"type":"if","locations":[{"start":{"line":246,"column":6},"end":{"line":250,"column":7}},{"start":{"line":248,"column":13},"end":{"line":250,"column":7}}],"line":246},"15":{"loc":{"start":{"line":249,"column":45},"end":{"line":249,"column":70}},"type":"cond-expr","locations":[{"start":{"line":249,"column":62},"end":{"line":249,"column":65}},{"start":{"line":249,"column":68},"end":{"line":249,"column":70}}],"line":249},"16":{"loc":{"start":{"line":253,"column":11},"end":{"line":253,"column":27}},"type":"binary-expr","locations":[{"start":{"line":253,"column":11},"end":{"line":253,"column":17}},{"start":{"line":253,"column":21},"end":{"line":253,"column":27}}],"line":253}},"s":{"0":33578,"1":33578,"2":12152,"3":0,"4":2565,"5":2565,"6":2565,"7":2558,"8":4,"9":906,"10":906,"11":906,"12":907,"13":907,"14":907,"15":907,"16":1,"17":1,"18":1,"19":1,"20":1,"21":904,"22":904,"23":904,"24":904,"25":452,"26":452,"27":452,"28":452,"29":452,"30":452,"31":892,"32":892,"33":892,"34":892,"35":892,"36":104,"37":104,"38":104,"39":0,"40":0,"41":0,"42":0,"43":0,"44":0,"45":0,"46":0,"47":0,"48":0,"49":0,"50":0,"51":0,"52":0,"53":0,"54":0,"55":0,"56":0,"57":0,"58":0,"59":0,"60":0,"61":0,"62":0,"63":0,"64":0,"65":0,"66":0,"67":0,"68":0,"69":0,"70":0,"71":0,"72":0,"73":0,"74":0,"75":0,"76":0,"77":0},"f":{"0":33578,"1":12152,"2":0,"3":2565,"4":2558,"5":4,"6":906,"7":907,"8":1,"9":904,"10":892,"11":104,"12":0,"13":0,"14":0,"15":0,"16":0,"17":0,"18":0,"19":0,"20":0},"b":{"0":[0],"1":[0],"2":[906],"3":[906],"4":[907,0],"5":[0],"6":[452,452],"7":[0,0],"8":[0,0],"9":[0,0],"10":[0,0],"11":[0,0],"12":[0,0],"13":[0,0],"14":[0,0],"15":[0,0],"16":[0,0]},"_coverageSchema":"1a1c01bbd47fc00a2c39e90264f33305004495a9","hash":"466055675a64b6bfa9204635ec07a67d64139ca2"},"C:\\Users\\Douglas\\Desktop\\QubitSim\\src\\core\\quantumRegister.js":{"path":"C:\\Users\\Douglas\\Desktop\\QubitSim\\src\\core\\quantumRegister.js","statementMap":{"0":{"start":{"line":17,"column":4},"end":{"line":17,"column":31}},"1":{"start":{"line":18,"column":4},"end":{"line":18,"column":44}},"2":{"start":{"line":21,"column":4},"end":{"line":23,"column":6}},"3":{"start":{"line":22,"column":6},"end":{"line":22,"column":37}},"4":{"start":{"line":25,"column":4},"end":{"line":25,"column":21}},"5":{"start":{"line":32,"column":17},"end":{"line":34,"column":5}},"6":{"start":{"line":33,"column":43},"end":{"line":33,"column":69}},"7":{"start":{"line":36,"column":4},"end":{"line":40,"column":5}},"8":{"start":{"line":37,"column":6},"end":{"line":39,"column":8}},"9":{"start":{"line":38,"column":8},"end":{"line":38,"column":53}},"10":{"start":{"line":49,"column":4},"end":{"line":52,"column":7}},"11":{"start":{"line":50,"column":26},"end":{"line":50,"column":63}},"12":{"start":{"line":51,"column":6},"end":{"line":51,"column":34}},"13":{"start":{"line":53,"column":4},"end":{"line":53,"column":21}},"14":{"start":{"line":61,"column":26},"end":{"line":61,"column":46}},"15":{"start":{"line":62,"column":25},"end":{"line":62,"column":43}},"16":{"start":{"line":63,"column":25},"end":{"line":63,"column":50}},"17":{"start":{"line":65,"column":4},"end":{"line":65,"column":86}},"18":{"start":{"line":65,"column":67},"end":{"line":65,"column":84}},"19":{"start":{"line":68,"column":4},"end":{"line":73,"column":5}},"20":{"start":{"line":68,"column":17},"end":{"line":68,"column":18}},"21":{"start":{"line":70,"column":6},"end":{"line":70,"column":70}},"22":{"start":{"line":72,"column":6},"end":{"line":72,"column":73}},"23":{"start":{"line":75,"column":4},"end":{"line":75,"column":34}},"24":{"start":{"line":76,"column":4},"end":{"line":76,"column":34}},"25":{"start":{"line":77,"column":4},"end":{"line":77,"column":21}},"26":{"start":{"line":85,"column":4},"end":{"line":87,"column":5}},"27":{"start":{"line":86,"column":6},"end":{"line":86,"column":69}},"28":{"start":{"line":89,"column":18},"end":{"line":89,"column":30}},"29":{"start":{"line":90,"column":26},"end":{"line":90,"column":91}},"30":{"start":{"line":90,"column":73},"end":{"line":90,"column":90}},"31":{"start":{"line":92,"column":4},"end":{"line":113,"column":5}},"32":{"start":{"line":92,"column":21},"end":{"line":92,"column":22}},"33":{"start":{"line":93,"column":18},"end":{"line":93,"column":67}},"34":{"start":{"line":94,"column":27},"end":{"line":94,"column":76}},"35":{"start":{"line":96,"column":6},"end":{"line":112,"column":7}},"36":{"start":{"line":98,"column":8},"end":{"line":100,"column":10}},"37":{"start":{"line":101,"column":8},"end":{"line":103,"column":10}},"38":{"start":{"line":106,"column":8},"end":{"line":108,"column":10}},"39":{"start":{"line":109,"column":8},"end":{"line":111,"column":10}},"40":{"start":{"line":115,"column":4},"end":{"line":115,"column":36}},"41":{"start":{"line":123,"column":4},"end":{"line":125,"column":5}},"42":{"start":{"line":124,"column":6},"end":{"line":124,"column":69}},"43":{"start":{"line":127,"column":26},"end":{"line":127,"column":91}},"44":{"start":{"line":127,"column":73},"end":{"line":127,"column":90}},"45":{"start":{"line":129,"column":4},"end":{"line":132,"column":5}},"46":{"start":{"line":129,"column":21},"end":{"line":129,"column":22}},"47":{"start":{"line":130,"column":27},"end":{"line":130,"column":76}},"48":{"start":{"line":131,"column":6},"end":{"line":131,"column":59}},"49":{"start":{"line":134,"column":4},"end":{"line":134,"column":36}},"50":{"start":{"line":142,"column":4},"end":{"line":144,"column":5}},"51":{"start":{"line":143,"column":6},"end":{"line":143,"column":69}},"52":{"start":{"line":146,"column":26},"end":{"line":146,"column":91}},"53":{"start":{"line":146,"column":73},"end":{"line":146,"column":90}},"54":{"start":{"line":148,"column":4},"end":{"line":159,"column":5}},"55":{"start":{"line":148,"column":21},"end":{"line":148,"column":22}},"56":{"start":{"line":149,"column":18},"end":{"line":149,"column":67}},"57":{"start":{"line":150,"column":27},"end":{"line":150,"column":76}},"58":{"start":{"line":152,"column":6},"end":{"line":158,"column":7}},"59":{"start":{"line":154,"column":8},"end":{"line":154,"column":89}},"60":{"start":{"line":157,"column":8},"end":{"line":157,"column":90}},"61":{"start":{"line":161,"column":4},"end":{"line":161,"column":36}},"62":{"start":{"line":169,"column":4},"end":{"line":171,"column":5}},"63":{"start":{"line":170,"column":6},"end":{"line":170,"column":69}},"64":{"start":{"line":173,"column":4},"end":{"line":178,"column":5}},"65":{"start":{"line":173,"column":21},"end":{"line":173,"column":22}},"66":{"start":{"line":174,"column":18},"end":{"line":174,"column":67}},"67":{"start":{"line":175,"column":6},"end":{"line":177,"column":7}},"68":{"start":{"line":176,"column":8},"end":{"line":176,"column":105}},"69":{"start":{"line":187,"column":4},"end":{"line":189,"column":5}},"70":{"start":{"line":188,"column":6},"end":{"line":188,"column":52}},"71":{"start":{"line":191,"column":26},"end":{"line":191,"column":91}},"72":{"start":{"line":191,"column":73},"end":{"line":191,"column":90}},"73":{"start":{"line":193,"column":4},"end":{"line":204,"column":5}},"74":{"start":{"line":193,"column":21},"end":{"line":193,"column":22}},"75":{"start":{"line":194,"column":25},"end":{"line":194,"column":75}},"76":{"start":{"line":196,"column":6},"end":{"line":203,"column":7}},"77":{"start":{"line":198,"column":29},"end":{"line":198,"column":78}},"78":{"start":{"line":199,"column":8},"end":{"line":199,"column":61}},"79":{"start":{"line":202,"column":8},"end":{"line":202,"column":54}},"80":{"start":{"line":206,"column":4},"end":{"line":206,"column":36}},"81":{"start":{"line":215,"column":4},"end":{"line":217,"column":5}},"82":{"start":{"line":216,"column":6},"end":{"line":216,"column":52}},"83":{"start":{"line":218,"column":26},"end":{"line":218,"column":91}},"84":{"start":{"line":218,"column":73},"end":{"line":218,"column":90}},"85":{"start":{"line":219,"column":4},"end":{"line":229,"column":5}},"86":{"start":{"line":219,"column":21},"end":{"line":219,"column":22}},"87":{"start":{"line":220,"column":19},"end":{"line":220,"column":63}},"88":{"start":{"line":221,"column":19},"end":{"line":221,"column":63}},"89":{"start":{"line":222,"column":6},"end":{"line":228,"column":7}},"90":{"start":{"line":223,"column":21},"end":{"line":223,"column":96}},"91":{"start":{"line":224,"column":29},"end":{"line":224,"column":41}},"92":{"start":{"line":225,"column":8},"end":{"line":225,"column":61}},"93":{"start":{"line":227,"column":8},"end":{"line":227,"column":54}},"94":{"start":{"line":230,"column":4},"end":{"line":230,"column":36}},"95":{"start":{"line":240,"column":4},"end":{"line":242,"column":5}},"96":{"start":{"line":241,"column":6},"end":{"line":241,"column":52}},"97":{"start":{"line":243,"column":26},"end":{"line":243,"column":91}},"98":{"start":{"line":243,"column":73},"end":{"line":243,"column":90}},"99":{"start":{"line":244,"column":4},"end":{"line":253,"column":5}},"100":{"start":{"line":244,"column":21},"end":{"line":244,"column":22}},"101":{"start":{"line":245,"column":17},"end":{"line":245,"column":63}},"102":{"start":{"line":246,"column":17},"end":{"line":246,"column":63}},"103":{"start":{"line":247,"column":6},"end":{"line":252,"column":7}},"104":{"start":{"line":248,"column":29},"end":{"line":248,"column":73}},"105":{"start":{"line":249,"column":8},"end":{"line":249,"column":61}},"106":{"start":{"line":251,"column":8},"end":{"line":251,"column":54}},"107":{"start":{"line":254,"column":4},"end":{"line":254,"column":36}},"108":{"start":{"line":263,"column":4},"end":{"line":265,"column":5}},"109":{"start":{"line":264,"column":6},"end":{"line":264,"column":69}},"110":{"start":{"line":266,"column":25},"end":{"line":266,"column":52}},"111":{"start":{"line":267,"column":4},"end":{"line":272,"column":5}},"112":{"start":{"line":267,"column":21},"end":{"line":267,"column":22}},"113":{"start":{"line":268,"column":18},"end":{"line":268,"column":67}},"114":{"start":{"line":269,"column":6},"end":{"line":271,"column":7}},"115":{"start":{"line":270,"column":8},"end":{"line":270,"column":79}},"116":{"start":{"line":275,"column":29},"end":{"line":275,"column":71}},"117":{"start":{"line":276,"column":24},"end":{"line":276,"column":66}},"118":{"start":{"line":279,"column":4},"end":{"line":279,"column":72}},"119":{"start":{"line":279,"column":39},"end":{"line":279,"column":72}},"120":{"start":{"line":280,"column":16},"end":{"line":280,"column":35}},"121":{"start":{"line":281,"column":16},"end":{"line":281,"column":35}},"122":{"start":{"line":282,"column":26},"end":{"line":282,"column":91}},"123":{"start":{"line":282,"column":73},"end":{"line":282,"column":90}},"124":{"start":{"line":283,"column":4},"end":{"line":294,"column":5}},"125":{"start":{"line":283,"column":21},"end":{"line":283,"column":22}},"126":{"start":{"line":284,"column":18},"end":{"line":284,"column":67}},"127":{"start":{"line":285,"column":22},"end":{"line":285,"column":71}},"128":{"start":{"line":286,"column":22},"end":{"line":286,"column":44}},"129":{"start":{"line":287,"column":6},"end":{"line":293,"column":7}},"130":{"start":{"line":288,"column":8},"end":{"line":288,"column":97}},"131":{"start":{"line":289,"column":8},"end":{"line":289,"column":102}},"132":{"start":{"line":291,"column":8},"end":{"line":291,"column":102}},"133":{"start":{"line":292,"column":8},"end":{"line":292,"column":97}},"134":{"start":{"line":295,"column":4},"end":{"line":295,"column":36}},"135":{"start":{"line":299,"column":16},"end":{"line":299,"column":35}},"136":{"start":{"line":300,"column":16},"end":{"line":300,"column":35}},"137":{"start":{"line":301,"column":26},"end":{"line":301,"column":91}},"138":{"start":{"line":301,"column":73},"end":{"line":301,"column":90}},"139":{"start":{"line":302,"column":4},"end":{"line":313,"column":5}},"140":{"start":{"line":302,"column":21},"end":{"line":302,"column":22}},"141":{"start":{"line":303,"column":18},"end":{"line":303,"column":67}},"142":{"start":{"line":304,"column":22},"end":{"line":304,"column":71}},"143":{"start":{"line":305,"column":22},"end":{"line":305,"column":44}},"144":{"start":{"line":306,"column":6},"end":{"line":312,"column":7}},"145":{"start":{"line":307,"column":8},"end":{"line":307,"column":97}},"146":{"start":{"line":308,"column":8},"end":{"line":308,"column":101}},"147":{"start":{"line":310,"column":8},"end":{"line":310,"column":102}},"148":{"start":{"line":311,"column":8},"end":{"line":311,"column":97}},"149":{"start":{"line":314,"column":4},"end":{"line":314,"column":36}},"150":{"start":{"line":322,"column":4},"end":{"line":322,"column":46}},"151":{"start":{"line":329,"column":4},"end":{"line":329,"column":46}},"152":{"start":{"line":335,"column":4},"end":{"line":335,"column":72}},"153":{"start":{"line":335,"column":39},"end":{"line":335,"column":72}},"154":{"start":{"line":337,"column":16},"end":{"line":337,"column":35}},"155":{"start":{"line":338,"column":16},"end":{"line":338,"column":35}},"156":{"start":{"line":339,"column":26},"end":{"line":339,"column":91}},"157":{"start":{"line":339,"column":73},"end":{"line":339,"column":90}},"158":{"start":{"line":341,"column":4},"end":{"line":360,"column":5}},"159":{"start":{"line":341,"column":21},"end":{"line":341,"column":22}},"160":{"start":{"line":342,"column":18},"end":{"line":342,"column":67}},"161":{"start":{"line":343,"column":22},"end":{"line":343,"column":71}},"162":{"start":{"line":348,"column":22},"end":{"line":348,"column":44}},"163":{"start":{"line":351,"column":6},"end":{"line":359,"column":7}},"164":{"start":{"line":353,"column":8},"end":{"line":353,"column":97}},"165":{"start":{"line":354,"column":8},"end":{"line":354,"column":102}},"166":{"start":{"line":357,"column":8},"end":{"line":357,"column":102}},"167":{"start":{"line":358,"column":8},"end":{"line":358,"column":97}},"168":{"start":{"line":361,"column":4},"end":{"line":361,"column":36}},"169":{"start":{"line":366,"column":16},"end":{"line":366,"column":35}},"170":{"start":{"line":367,"column":16},"end":{"line":367,"column":35}},"171":{"start":{"line":368,"column":26},"end":{"line":368,"column":91}},"172":{"start":{"line":368,"column":73},"end":{"line":368,"column":90}},"173":{"start":{"line":370,"column":4},"end":{"line":385,"column":5}},"174":{"start":{"line":370,"column":21},"end":{"line":370,"column":22}},"175":{"start":{"line":371,"column":18},"end":{"line":371,"column":67}},"176":{"start":{"line":372,"column":22},"end":{"line":372,"column":71}},"177":{"start":{"line":374,"column":22},"end":{"line":374,"column":44}},"178":{"start":{"line":376,"column":6},"end":{"line":384,"column":7}},"179":{"start":{"line":378,"column":8},"end":{"line":378,"column":97}},"180":{"start":{"line":379,"column":8},"end":{"line":379,"column":101}},"181":{"start":{"line":382,"column":8},"end":{"line":382,"column":102}},"182":{"start":{"line":383,"column":8},"end":{"line":383,"column":97}},"183":{"start":{"line":386,"column":4},"end":{"line":386,"column":36}},"184":{"start":{"line":396,"column":26},"end":{"line":396,"column":74}},"185":{"start":{"line":396,"column":53},"end":{"line":396,"column":73}},"186":{"start":{"line":399,"column":19},"end":{"line":399,"column":32}},"187":{"start":{"line":400,"column":25},"end":{"line":400,"column":26}},"188":{"start":{"line":401,"column":24},"end":{"line":401,"column":25}},"189":{"start":{"line":403,"column":4},"end":{"line":409,"column":5}},"190":{"start":{"line":403,"column":17},"end":{"line":403,"column":18}},"191":{"start":{"line":404,"column":6},"end":{"line":404,"column":41}},"192":{"start":{"line":405,"column":6},"end":{"line":408,"column":7}},"193":{"start":{"line":406,"column":8},"end":{"line":406,"column":26}},"194":{"start":{"line":407,"column":8},"end":{"line":407,"column":14}},"195":{"start":{"line":412,"column":4},"end":{"line":412,"column":44}},"196":{"start":{"line":413,"column":4},"end":{"line":413,"column":55}},"197":{"start":{"line":416,"column":19},"end":{"line":416,"column":21}},"198":{"start":{"line":417,"column":4},"end":{"line":419,"column":5}},"199":{"start":{"line":417,"column":17},"end":{"line":417,"column":35}},"200":{"start":{"line":418,"column":6},"end":{"line":418,"column":44}},"201":{"start":{"line":421,"column":4},"end":{"line":421,"column":18}},"202":{"start":{"line":430,"column":4},"end":{"line":432,"column":5}},"203":{"start":{"line":431,"column":6},"end":{"line":431,"column":69}},"204":{"start":{"line":435,"column":16},"end":{"line":435,"column":17}},"205":{"start":{"line":436,"column":4},"end":{"line":441,"column":5}},"206":{"start":{"line":436,"column":21},"end":{"line":436,"column":22}},"207":{"start":{"line":437,"column":18},"end":{"line":437,"column":67}},"208":{"start":{"line":438,"column":6},"end":{"line":440,"column":7}},"209":{"start":{"line":439,"column":8},"end":{"line":439,"column":57}},"210":{"start":{"line":443,"column":19},"end":{"line":443,"column":48}},"211":{"start":{"line":446,"column":26},"end":{"line":446,"column":91}},"212":{"start":{"line":446,"column":73},"end":{"line":446,"column":90}},"213":{"start":{"line":447,"column":15},"end":{"line":447,"column":16}},"214":{"start":{"line":449,"column":4},"end":{"line":455,"column":5}},"215":{"start":{"line":449,"column":21},"end":{"line":449,"column":22}},"216":{"start":{"line":450,"column":18},"end":{"line":450,"column":67}},"217":{"start":{"line":451,"column":6},"end":{"line":454,"column":7}},"218":{"start":{"line":452,"column":8},"end":{"line":452,"column":54}},"219":{"start":{"line":453,"column":8},"end":{"line":453,"column":56}},"220":{"start":{"line":458,"column":4},"end":{"line":466,"column":5}},"221":{"start":{"line":459,"column":25},"end":{"line":459,"column":40}},"222":{"start":{"line":460,"column":6},"end":{"line":465,"column":7}},"223":{"start":{"line":460,"column":19},"end":{"line":460,"column":20}},"224":{"start":{"line":461,"column":8},"end":{"line":464,"column":10}},"225":{"start":{"line":468,"column":4},"end":{"line":468,"column":36}},"226":{"start":{"line":469,"column":4},"end":{"line":469,"column":18}},"227":{"start":{"line":477,"column":25},"end":{"line":477,"column":26}},"228":{"start":{"line":479,"column":4},"end":{"line":489,"column":5}},"229":{"start":{"line":479,"column":21},"end":{"line":479,"column":22}},"230":{"start":{"line":480,"column":26},"end":{"line":480,"column":65}},"231":{"start":{"line":483,"column":19},"end":{"line":483,"column":20}},"232":{"start":{"line":484,"column":6},"end":{"line":486,"column":7}},"233":{"start":{"line":484,"column":19},"end":{"line":484,"column":20}},"234":{"start":{"line":485,"column":8},"end":{"line":485,"column":35}},"235":{"start":{"line":488,"column":6},"end":{"line":488,"column":45}},"236":{"start":{"line":491,"column":4},"end":{"line":491,"column":38}},"237":{"start":{"line":499,"column":17},"end":{"line":499,"column":19}},"238":{"start":{"line":501,"column":4},"end":{"line":518,"column":5}},"239":{"start":{"line":501,"column":17},"end":{"line":501,"column":18}},"240":{"start":{"line":502,"column":24},"end":{"line":502,"column":42}},"241":{"start":{"line":504,"column":6},"end":{"line":517,"column":7}},"242":{"start":{"line":505,"column":8},"end":{"line":507,"column":9}},"243":{"start":{"line":506,"column":10},"end":{"line":506,"column":26}},"244":{"start":{"line":510,"column":28},"end":{"line":510,"column":71}},"245":{"start":{"line":512,"column":8},"end":{"line":516,"column":9}},"246":{"start":{"line":513,"column":10},"end":{"line":513,"column":67}},"247":{"start":{"line":515,"column":10},"end":{"line":515,"column":131}},"248":{"start":{"line":520,"column":4},"end":{"line":520,"column":60}},"249":{"start":{"line":528,"column":4},"end":{"line":528,"column":60}},"250":{"start":{"line":528,"column":38},"end":{"line":528,"column":58}},"251":{"start":{"line":538,"column":25},"end":{"line":538,"column":52}},"252":{"start":{"line":540,"column":4},"end":{"line":547,"column":5}},"253":{"start":{"line":540,"column":21},"end":{"line":540,"column":22}},"254":{"start":{"line":541,"column":25},"end":{"line":541,"column":75}},"255":{"start":{"line":542,"column":24},"end":{"line":542,"column":73}},"256":{"start":{"line":544,"column":6},"end":{"line":546,"column":7}},"257":{"start":{"line":545,"column":8},"end":{"line":545,"column":79}},"258":{"start":{"line":555,"column":4},"end":{"line":561,"column":5}},"259":{"start":{"line":555,"column":17},"end":{"line":555,"column":27}},"260":{"start":{"line":556,"column":6},"end":{"line":559,"column":7}},"261":{"start":{"line":556,"column":19},"end":{"line":556,"column":29}},"262":{"start":{"line":557,"column":22},"end":{"line":557,"column":51}},"263":{"start":{"line":558,"column":8},"end":{"line":558,"column":47}},"264":{"start":{"line":560,"column":6},"end":{"line":560,"column":28}},"265":{"start":{"line":571,"column":24},"end":{"line":571,"column":59}},"266":{"start":{"line":572,"column":4},"end":{"line":574,"column":6}},"267":{"start":{"line":573,"column":6},"end":{"line":573,"column":37}},"268":{"start":{"line":575,"column":4},"end":{"line":575,"column":23}}},"fnMap":{"0":{"name":"(anonymous_0)","decl":{"start":{"line":16,"column":2},"end":{"line":16,"column":3}},"loc":{"start":{"line":16,"column":25},"end":{"line":26,"column":3}},"line":16},"1":{"name":"(anonymous_1)","decl":{"start":{"line":21,"column":63},"end":{"line":21,"column":64}},"loc":{"start":{"line":22,"column":6},"end":{"line":22,"column":37}},"line":22},"2":{"name":"(anonymous_2)","decl":{"start":{"line":31,"column":2},"end":{"line":31,"column":3}},"loc":{"start":{"line":31,"column":14},"end":{"line":41,"column":3}},"line":31},"3":{"name":"(anonymous_3)","decl":{"start":{"line":33,"column":29},"end":{"line":33,"column":30}},"loc":{"start":{"line":33,"column":43},"end":{"line":33,"column":69}},"line":33},"4":{"name":"(anonymous_4)","decl":{"start":{"line":37,"column":44},"end":{"line":37,"column":45}},"loc":{"start":{"line":38,"column":8},"end":{"line":38,"column":53}},"line":38},"5":{"name":"(anonymous_5)","decl":{"start":{"line":48,"column":2},"end":{"line":48,"column":3}},"loc":{"start":{"line":48,"column":46},"end":{"line":54,"column":3}},"line":48},"6":{"name":"(anonymous_6)","decl":{"start":{"line":49,"column":42},"end":{"line":49,"column":43}},"loc":{"start":{"line":49,"column":49},"end":{"line":52,"column":5}},"line":49},"7":{"name":"(anonymous_7)","decl":{"start":{"line":60,"column":2},"end":{"line":60,"column":3}},"loc":{"start":{"line":60,"column":18},"end":{"line":78,"column":3}},"line":60},"8":{"name":"(anonymous_8)","decl":{"start":{"line":65,"column":61},"end":{"line":65,"column":62}},"loc":{"start":{"line":65,"column":67},"end":{"line":65,"column":84}},"line":65},"9":{"name":"(anonymous_9)","decl":{"start":{"line":84,"column":2},"end":{"line":84,"column":3}},"loc":{"start":{"line":84,"column":29},"end":{"line":116,"column":3}},"line":84},"10":{"name":"(anonymous_10)","decl":{"start":{"line":90,"column":67},"end":{"line":90,"column":68}},"loc":{"start":{"line":90,"column":73},"end":{"line":90,"column":90}},"line":90},"11":{"name":"(anonymous_11)","decl":{"start":{"line":122,"column":2},"end":{"line":122,"column":3}},"loc":{"start":{"line":122,"column":27},"end":{"line":135,"column":3}},"line":122},"12":{"name":"(anonymous_12)","decl":{"start":{"line":127,"column":67},"end":{"line":127,"column":68}},"loc":{"start":{"line":127,"column":73},"end":{"line":127,"column":90}},"line":127},"13":{"name":"(anonymous_13)","decl":{"start":{"line":141,"column":2},"end":{"line":141,"column":3}},"loc":{"start":{"line":141,"column":27},"end":{"line":162,"column":3}},"line":141},"14":{"name":"(anonymous_14)","decl":{"start":{"line":146,"column":67},"end":{"line":146,"column":68}},"loc":{"start":{"line":146,"column":73},"end":{"line":146,"column":90}},"line":146},"15":{"name":"(anonymous_15)","decl":{"start":{"line":168,"column":2},"end":{"line":168,"column":3}},"loc":{"start":{"line":168,"column":27},"end":{"line":179,"column":3}},"line":168},"16":{"name":"(anonymous_16)","decl":{"start":{"line":186,"column":2},"end":{"line":186,"column":3}},"loc":{"start":{"line":186,"column":39},"end":{"line":207,"column":3}},"line":186},"17":{"name":"(anonymous_17)","decl":{"start":{"line":191,"column":67},"end":{"line":191,"column":68}},"loc":{"start":{"line":191,"column":73},"end":{"line":191,"column":90}},"line":191},"18":{"name":"(anonymous_18)","decl":{"start":{"line":214,"column":2},"end":{"line":214,"column":3}},"loc":{"start":{"line":214,"column":28},"end":{"line":231,"column":3}},"line":214},"19":{"name":"(anonymous_19)","decl":{"start":{"line":218,"column":67},"end":{"line":218,"column":68}},"loc":{"start":{"line":218,"column":73},"end":{"line":218,"column":90}},"line":218},"20":{"name":"(anonymous_20)","decl":{"start":{"line":239,"column":2},"end":{"line":239,"column":3}},"loc":{"start":{"line":239,"column":43},"end":{"line":255,"column":3}},"line":239},"21":{"name":"(anonymous_21)","decl":{"start":{"line":243,"column":67},"end":{"line":243,"column":68}},"loc":{"start":{"line":243,"column":73},"end":{"line":243,"column":90}},"line":243},"22":{"name":"(anonymous_22)","decl":{"start":{"line":262,"column":2},"end":{"line":262,"column":3}},"loc":{"start":{"line":262,"column":33},"end":{"line":273,"column":3}},"line":262},"23":{"name":"(anonymous_23)","decl":{"start":{"line":275,"column":2},"end":{"line":275,"column":3}},"loc":{"start":{"line":275,"column":27},"end":{"line":275,"column":73}},"line":275},"24":{"name":"(anonymous_24)","decl":{"start":{"line":276,"column":2},"end":{"line":276,"column":3}},"loc":{"start":{"line":276,"column":22},"end":{"line":276,"column":68}},"line":276},"25":{"name":"(anonymous_25)","decl":{"start":{"line":278,"column":2},"end":{"line":278,"column":3}},"loc":{"start":{"line":278,"column":30},"end":{"line":296,"column":3}},"line":278},"26":{"name":"(anonymous_26)","decl":{"start":{"line":282,"column":67},"end":{"line":282,"column":68}},"loc":{"start":{"line":282,"column":73},"end":{"line":282,"column":90}},"line":282},"27":{"name":"(anonymous_27)","decl":{"start":{"line":298,"column":2},"end":{"line":298,"column":3}},"loc":{"start":{"line":298,"column":30},"end":{"line":315,"column":3}},"line":298},"28":{"name":"(anonymous_28)","decl":{"start":{"line":301,"column":67},"end":{"line":301,"column":68}},"loc":{"start":{"line":301,"column":73},"end":{"line":301,"column":90}},"line":301},"29":{"name":"(anonymous_29)","decl":{"start":{"line":321,"column":2},"end":{"line":321,"column":3}},"loc":{"start":{"line":321,"column":27},"end":{"line":323,"column":3}},"line":321},"30":{"name":"(anonymous_30)","decl":{"start":{"line":328,"column":2},"end":{"line":328,"column":3}},"loc":{"start":{"line":328,"column":22},"end":{"line":330,"column":3}},"line":328},"31":{"name":"(anonymous_31)","decl":{"start":{"line":334,"column":2},"end":{"line":334,"column":3}},"loc":{"start":{"line":334,"column":30},"end":{"line":362,"column":3}},"line":334},"32":{"name":"(anonymous_32)","decl":{"start":{"line":339,"column":67},"end":{"line":339,"column":68}},"loc":{"start":{"line":339,"column":73},"end":{"line":339,"column":90}},"line":339},"33":{"name":"(anonymous_33)","decl":{"start":{"line":364,"column":2},"end":{"line":364,"column":3}},"loc":{"start":{"line":364,"column":30},"end":{"line":387,"column":3}},"line":364},"34":{"name":"(anonymous_34)","decl":{"start":{"line":368,"column":67},"end":{"line":368,"column":68}},"loc":{"start":{"line":368,"column":73},"end":{"line":368,"column":90}},"line":368},"35":{"name":"(anonymous_35)","decl":{"start":{"line":394,"column":2},"end":{"line":394,"column":3}},"loc":{"start":{"line":394,"column":15},"end":{"line":422,"column":3}},"line":394},"36":{"name":"(anonymous_36)","decl":{"start":{"line":396,"column":46},"end":{"line":396,"column":47}},"loc":{"start":{"line":396,"column":53},"end":{"line":396,"column":73}},"line":396},"37":{"name":"(anonymous_37)","decl":{"start":{"line":429,"column":2},"end":{"line":429,"column":3}},"loc":{"start":{"line":429,"column":28},"end":{"line":470,"column":3}},"line":429},"38":{"name":"(anonymous_38)","decl":{"start":{"line":446,"column":67},"end":{"line":446,"column":68}},"loc":{"start":{"line":446,"column":73},"end":{"line":446,"column":90}},"line":446},"39":{"name":"(anonymous_39)","decl":{"start":{"line":476,"column":2},"end":{"line":476,"column":3}},"loc":{"start":{"line":476,"column":16},"end":{"line":492,"column":3}},"line":476},"40":{"name":"(anonymous_40)","decl":{"start":{"line":498,"column":2},"end":{"line":498,"column":3}},"loc":{"start":{"line":498,"column":13},"end":{"line":521,"column":3}},"line":498},"41":{"name":"(anonymous_41)","decl":{"start":{"line":527,"column":2},"end":{"line":527,"column":3}},"loc":{"start":{"line":527,"column":21},"end":{"line":529,"column":3}},"line":527},"42":{"name":"(anonymous_42)","decl":{"start":{"line":528,"column":31},"end":{"line":528,"column":32}},"loc":{"start":{"line":528,"column":38},"end":{"line":528,"column":58}},"line":528},"43":{"name":"(anonymous_43)","decl":{"start":{"line":537,"column":2},"end":{"line":537,"column":3}},"loc":{"start":{"line":537,"column":57},"end":{"line":548,"column":3}},"line":537},"44":{"name":"(anonymous_44)","decl":{"start":{"line":553,"column":2},"end":{"line":553,"column":3}},"loc":{"start":{"line":553,"column":48},"end":{"line":564,"column":3}},"line":553},"45":{"name":"(anonymous_45)","decl":{"start":{"line":570,"column":2},"end":{"line":570,"column":3}},"loc":{"start":{"line":570,"column":10},"end":{"line":576,"column":3}},"line":570},"46":{"name":"(anonymous_46)","decl":{"start":{"line":572,"column":49},"end":{"line":572,"column":50}},"loc":{"start":{"line":573,"column":6},"end":{"line":573,"column":37}},"line":573}},"branchMap":{"0":{"loc":{"start":{"line":22,"column":18},"end":{"line":22,"column":33}},"type":"cond-expr","locations":[{"start":{"line":22,"column":28},"end":{"line":22,"column":29}},{"start":{"line":22,"column":32},"end":{"line":22,"column":33}}],"line":22},"1":{"loc":{"start":{"line":36,"column":4},"end":{"line":40,"column":5}},"type":"if","locations":[{"start":{"line":36,"column":4},"end":{"line":40,"column":5}},{"start":{},"end":{}}],"line":36},"2":{"loc":{"start":{"line":48,"column":27},"end":{"line":48,"column":44}},"type":"default-arg","locations":[{"start":{"line":48,"column":39},"end":{"line":48,"column":44}}],"line":48},"3":{"loc":{"start":{"line":85,"column":4},"end":{"line":87,"column":5}},"type":"if","locations":[{"start":{"line":85,"column":4},"end":{"line":87,"column":5}},{"start":{},"end":{}}],"line":85},"4":{"loc":{"start":{"line":96,"column":6},"end":{"line":112,"column":7}},"type":"if","locations":[{"start":{"line":96,"column":6},"end":{"line":112,"column":7}},{"start":{"line":104,"column":13},"end":{"line":112,"column":7}}],"line":96},"5":{"loc":{"start":{"line":123,"column":4},"end":{"line":125,"column":5}},"type":"if","locations":[{"start":{"line":123,"column":4},"end":{"line":125,"column":5}},{"start":{},"end":{}}],"line":123},"6":{"loc":{"start":{"line":142,"column":4},"end":{"line":144,"column":5}},"type":"if","locations":[{"start":{"line":142,"column":4},"end":{"line":144,"column":5}},{"start":{},"end":{}}],"line":142},"7":{"loc":{"start":{"line":152,"column":6},"end":{"line":158,"column":7}},"type":"if","locations":[{"start":{"line":152,"column":6},"end":{"line":158,"column":7}},{"start":{"line":155,"column":13},"end":{"line":158,"column":7}}],"line":152},"8":{"loc":{"start":{"line":169,"column":4},"end":{"line":171,"column":5}},"type":"if","locations":[{"start":{"line":169,"column":4},"end":{"line":171,"column":5}},{"start":{},"end":{}}],"line":169},"9":{"loc":{"start":{"line":175,"column":6},"end":{"line":177,"column":7}},"type":"if","locations":[{"start":{"line":175,"column":6},"end":{"line":177,"column":7}},{"start":{},"end":{}}],"line":175},"10":{"loc":{"start":{"line":187,"column":4},"end":{"line":189,"column":5}},"type":"if","locations":[{"start":{"line":187,"column":4},"end":{"line":189,"column":5}},{"start":{},"end":{}}],"line":187},"11":{"loc":{"start":{"line":187,"column":8},"end":{"line":187,"column":71}},"type":"binary-expr","locations":[{"start":{"line":187,"column":8},"end":{"line":187,"column":38}},{"start":{"line":187,"column":42},"end":{"line":187,"column":71}}],"line":187},"12":{"loc":{"start":{"line":196,"column":6},"end":{"line":203,"column":7}},"type":"if","locations":[{"start":{"line":196,"column":6},"end":{"line":203,"column":7}},{"start":{"line":200,"column":13},"end":{"line":203,"column":7}}],"line":196},"13":{"loc":{"start":{"line":215,"column":4},"end":{"line":217,"column":5}},"type":"if","locations":[{"start":{"line":215,"column":4},"end":{"line":217,"column":5}},{"start":{},"end":{}}],"line":215},"14":{"loc":{"start":{"line":215,"column":8},"end":{"line":215,"column":60}},"type":"binary-expr","locations":[{"start":{"line":215,"column":8},"end":{"line":215,"column":32}},{"start":{"line":215,"column":36},"end":{"line":215,"column":60}}],"line":215},"15":{"loc":{"start":{"line":222,"column":6},"end":{"line":228,"column":7}},"type":"if","locations":[{"start":{"line":222,"column":6},"end":{"line":228,"column":7}},{"start":{"line":226,"column":13},"end":{"line":228,"column":7}}],"line":222},"16":{"loc":{"start":{"line":240,"column":4},"end":{"line":242,"column":5}},"type":"if","locations":[{"start":{"line":240,"column":4},"end":{"line":242,"column":5}},{"start":{},"end":{}}],"line":240},"17":{"loc":{"start":{"line":240,"column":8},"end":{"line":240,"column":92}},"type":"binary-expr","locations":[{"start":{"line":240,"column":8},"end":{"line":240,"column":34}},{"start":{"line":240,"column":38},"end":{"line":240,"column":64}},{"start":{"line":240,"column":68},"end":{"line":240,"column":92}}],"line":240},"18":{"loc":{"start":{"line":247,"column":6},"end":{"line":252,"column":7}},"type":"if","locations":[{"start":{"line":247,"column":6},"end":{"line":252,"column":7}},{"start":{"line":250,"column":13},"end":{"line":252,"column":7}}],"line":247},"19":{"loc":{"start":{"line":247,"column":10},"end":{"line":247,"column":30}},"type":"binary-expr","locations":[{"start":{"line":247,"column":10},"end":{"line":247,"column":18}},{"start":{"line":247,"column":22},"end":{"line":247,"column":30}}],"line":247},"20":{"loc":{"start":{"line":263,"column":4},"end":{"line":265,"column":5}},"type":"if","locations":[{"start":{"line":263,"column":4},"end":{"line":265,"column":5}},{"start":{},"end":{}}],"line":263},"21":{"loc":{"start":{"line":269,"column":6},"end":{"line":271,"column":7}},"type":"if","locations":[{"start":{"line":269,"column":6},"end":{"line":271,"column":7}},{"start":{},"end":{}}],"line":269},"22":{"loc":{"start":{"line":279,"column":4},"end":{"line":279,"column":72}},"type":"if","locations":[{"start":{"line":279,"column":4},"end":{"line":279,"column":72}},{"start":{},"end":{}}],"line":279},"23":{"loc":{"start":{"line":287,"column":6},"end":{"line":293,"column":7}},"type":"if","locations":[{"start":{"line":287,"column":6},"end":{"line":293,"column":7}},{"start":{"line":290,"column":13},"end":{"line":293,"column":7}}],"line":287},"24":{"loc":{"start":{"line":306,"column":6},"end":{"line":312,"column":7}},"type":"if","locations":[{"start":{"line":306,"column":6},"end":{"line":312,"column":7}},{"start":{"line":309,"column":13},"end":{"line":312,"column":7}}],"line":306},"25":{"loc":{"start":{"line":335,"column":4},"end":{"line":335,"column":72}},"type":"if","locations":[{"start":{"line":335,"column":4},"end":{"line":335,"column":72}},{"start":{},"end":{}}],"line":335},"26":{"loc":{"start":{"line":351,"column":6},"end":{"line":359,"column":7}},"type":"if","locations":[{"start":{"line":351,"column":6},"end":{"line":359,"column":7}},{"start":{"line":355,"column":13},"end":{"line":359,"column":7}}],"line":351},"27":{"loc":{"start":{"line":376,"column":6},"end":{"line":384,"column":7}},"type":"if","locations":[{"start":{"line":376,"column":6},"end":{"line":384,"column":7}},{"start":{"line":380,"column":13},"end":{"line":384,"column":7}}],"line":376},"28":{"loc":{"start":{"line":405,"column":6},"end":{"line":408,"column":7}},"type":"if","locations":[{"start":{"line":405,"column":6},"end":{"line":408,"column":7}},{"start":{},"end":{}}],"line":405},"29":{"loc":{"start":{"line":430,"column":4},"end":{"line":432,"column":5}},"type":"if","locations":[{"start":{"line":430,"column":4},"end":{"line":432,"column":5}},{"start":{},"end":{}}],"line":430},"30":{"loc":{"start":{"line":438,"column":6},"end":{"line":440,"column":7}},"type":"if","locations":[{"start":{"line":438,"column":6},"end":{"line":440,"column":7}},{"start":{},"end":{}}],"line":438},"31":{"loc":{"start":{"line":443,"column":19},"end":{"line":443,"column":48}},"type":"cond-expr","locations":[{"start":{"line":443,"column":43},"end":{"line":443,"column":44}},{"start":{"line":443,"column":47},"end":{"line":443,"column":48}}],"line":443},"32":{"loc":{"start":{"line":451,"column":6},"end":{"line":454,"column":7}},"type":"if","locations":[{"start":{"line":451,"column":6},"end":{"line":454,"column":7}},{"start":{},"end":{}}],"line":451},"33":{"loc":{"start":{"line":458,"column":4},"end":{"line":466,"column":5}},"type":"if","locations":[{"start":{"line":458,"column":4},"end":{"line":466,"column":5}},{"start":{},"end":{}}],"line":458},"34":{"loc":{"start":{"line":504,"column":6},"end":{"line":517,"column":7}},"type":"if","locations":[{"start":{"line":504,"column":6},"end":{"line":517,"column":7}},{"start":{},"end":{}}],"line":504},"35":{"loc":{"start":{"line":504,"column":10},"end":{"line":504,"column":78}},"type":"binary-expr","locations":[{"start":{"line":504,"column":10},"end":{"line":504,"column":42}},{"start":{"line":504,"column":46},"end":{"line":504,"column":78}}],"line":504},"36":{"loc":{"start":{"line":505,"column":8},"end":{"line":507,"column":9}},"type":"if","locations":[{"start":{"line":505,"column":8},"end":{"line":507,"column":9}},{"start":{},"end":{}}],"line":505},"37":{"loc":{"start":{"line":512,"column":8},"end":{"line":516,"column":9}},"type":"if","locations":[{"start":{"line":512,"column":8},"end":{"line":516,"column":9}},{"start":{"line":514,"column":15},"end":{"line":516,"column":9}}],"line":512},"38":{"loc":{"start":{"line":515,"column":52},"end":{"line":515,"column":82}},"type":"cond-expr","locations":[{"start":{"line":515,"column":74},"end":{"line":515,"column":77}},{"start":{"line":515,"column":80},"end":{"line":515,"column":82}}],"line":515},"39":{"loc":{"start":{"line":520,"column":11},"end":{"line":520,"column":59}},"type":"binary-expr","locations":[{"start":{"line":520,"column":11},"end":{"line":520,"column":17}},{"start":{"line":520,"column":21},"end":{"line":520,"column":59}}],"line":520},"40":{"loc":{"start":{"line":544,"column":6},"end":{"line":546,"column":7}},"type":"if","locations":[{"start":{"line":544,"column":6},"end":{"line":546,"column":7}},{"start":{},"end":{}}],"line":544},"41":{"loc":{"start":{"line":544,"column":10},"end":{"line":544,"column":45}},"type":"binary-expr","locations":[{"start":{"line":544,"column":10},"end":{"line":544,"column":26}},{"start":{"line":544,"column":30},"end":{"line":544,"column":45}}],"line":544}},"s":{"0":16,"1":16,"2":16,"3":8364,"4":16,"5":16,"6":8364,"7":16,"8":16,"9":8364,"10":0,"11":0,"12":0,"13":0,"14":0,"15":0,"16":0,"17":0,"18":0,"19":0,"20":0,"21":0,"22":0,"23":0,"24":0,"25":0,"26":44,"27":0,"28":44,"29":44,"30":1274,"31":44,"32":44,"33":1274,"34":1274,"35":1274,"36":637,"37":637,"38":637,"39":637,"40":44,"41":11,"42":0,"43":11,"44":172,"45":11,"46":11,"47":172,"48":172,"49":11,"50":1,"51":0,"52":1,"53":2,"54":1,"55":1,"56":2,"57":2,"58":2,"59":1,"60":1,"61":1,"62":1,"63":0,"64":1,"65":1,"66":2,"67":2,"68":1,"69":15,"70":0,"71":15,"72":464,"73":15,"74":15,"75":464,"76":464,"77":232,"78":232,"79":232,"80":15,"81":1,"82":0,"83":1,"84":4,"85":1,"86":1,"87":4,"88":4,"89":4,"90":2,"91":2,"92":2,"93":2,"94":1,"95":1,"96":0,"97":1,"98":8,"99":1,"100":1,"101":8,"102":8,"103":8,"104":2,"105":2,"106":6,"107":1,"108":1,"109":0,"110":1,"111":1,"112":1,"113":2,"114":2,"115":1,"116":0,"117":0,"118":0,"119":0,"120":0,"121":0,"122":0,"123":0,"124":0,"125":0,"126":0,"127":0,"128":0,"129":0,"130":0,"131":0,"132":0,"133":0,"134":0,"135":0,"136":0,"137":0,"138":0,"139":0,"140":0,"141":0,"142":0,"143":0,"144":0,"145":0,"146":0,"147":0,"148":0,"149":0,"150":1,"151":0,"152":1,"153":0,"154":1,"155":1,"156":1,"157":2,"158":1,"159":1,"160":2,"161":2,"162":2,"163":2,"164":1,"165":1,"166":1,"167":1,"168":1,"169":1,"170":1,"171":1,"172":2,"173":1,"174":1,"175":2,"176":2,"177":2,"178":2,"179":1,"180":1,"181":1,"182":1,"183":1,"184":8,"185":152,"186":8,"187":8,"188":8,"189":8,"190":8,"191":121,"192":121,"193":8,"194":8,"195":8,"196":8,"197":8,"198":8,"199":8,"200":29,"201":8,"202":0,"203":0,"204":0,"205":0,"206":0,"207":0,"208":0,"209":0,"210":0,"211":0,"212":0,"213":0,"214":0,"215":0,"216":0,"217":0,"218":0,"219":0,"220":0,"221":0,"222":0,"223":0,"224":0,"225":0,"226":0,"227":0,"228":0,"229":0,"230":0,"231":0,"232":0,"233":0,"234":0,"235":0,"236":0,"237":2,"238":2,"239":2,"240":4,"241":4,"242":4,"243":2,"244":4,"245":4,"246":3,"247":1,"248":2,"249":1,"250":4,"251":3,"252":3,"253":3,"254":24,"255":24,"256":24,"257":6,"258":0,"259":0,"260":0,"261":0,"262":0,"263":0,"264":0,"265":0,"266":0,"267":0,"268":0},"f":{"0":16,"1":8364,"2":16,"3":8364,"4":8364,"5":0,"6":0,"7":0,"8":0,"9":44,"10":1274,"11":11,"12":172,"13":1,"14":2,"15":1,"16":15,"17":464,"18":1,"19":4,"20":1,"21":8,"22":1,"23":0,"24":0,"25":0,"26":0,"27":0,"28":0,"29":1,"30":0,"31":1,"32":2,"33":1,"34":2,"35":8,"36":152,"37":0,"38":0,"39":0,"40":2,"41":1,"42":4,"43":3,"44":0,"45":0,"46":0},"b":{"0":[16,8348],"1":[16,0],"2":[0],"3":[0,44],"4":[637,637],"5":[0,11],"6":[0,1],"7":[1,1],"8":[0,1],"9":[1,1],"10":[0,15],"11":[15,15],"12":[232,232],"13":[0,1],"14":[1,1],"15":[2,2],"16":[0,1],"17":[1,1,1],"18":[2,6],"19":[8,4],"20":[0,1],"21":[1,1],"22":[0,0],"23":[0,0],"24":[0,0],"25":[0,1],"26":[1,1],"27":[1,1],"28":[8,113],"29":[0,0],"30":[0,0],"31":[0,0],"32":[0,0],"33":[0,0],"34":[4,0],"35":[4,1],"36":[2,2],"37":[3,1],"38":[0,1],"39":[2,0],"40":[6,18],"41":[24,12]},"_coverageSchema":"1a1c01bbd47fc00a2c39e90264f33305004495a9","hash":"9952ff011231ccfe71b25bd7c49e43396d181873"},"C:\\Users\\Douglas\\Desktop\\QubitSim\\src\\crypto\\generateKey.js":{"path":"C:\\Users\\Douglas\\Desktop\\QubitSim\\src\\crypto\\generateKey.js","statementMap":{"0":{"start":{"line":4,"column":14},"end":{"line":4,"column":16}},"1":{"start":{"line":5,"column":2},"end":{"line":16,"column":3}},"2":{"start":{"line":5,"column":15},"end":{"line":5,"column":16}},"3":{"start":{"line":7,"column":18},"end":{"line":7,"column":29}},"4":{"start":{"line":10,"column":4},"end":{"line":10,"column":26}},"5":{"start":{"line":13,"column":22},"end":{"line":13,"column":37}},"6":{"start":{"line":15,"column":4},"end":{"line":15,"column":24}},"7":{"start":{"line":17,"column":2},"end":{"line":17,"column":13}}},"fnMap":{"0":{"name":"generateRandomKey","decl":{"start":{"line":3,"column":16},"end":{"line":3,"column":33}},"loc":{"start":{"line":3,"column":42},"end":{"line":18,"column":1}},"line":3}},"branchMap":{},"s":{"0":4,"1":4,"2":4,"3":704,"4":704,"5":704,"6":704,"7":4},"f":{"0":4},"b":{},"_coverageSchema":"1a1c01bbd47fc00a2c39e90264f33305004495a9","hash":"fce1b8cd6d21bb3b94da6999364d03def2c3a427"},"C:\\Users\\Douglas\\Desktop\\QubitSim\\src\\crypto\\bb84.js":{"path":"C:\\Users\\Douglas\\Desktop\\QubitSim\\src\\crypto\\bb84.js","statementMap":{"0":{"start":{"line":14,"column":26},"end":{"line":14,"column":55}},"1":{"start":{"line":15,"column":27},"end":{"line":15,"column":56}},"2":{"start":{"line":16,"column":25},"end":{"line":16,"column":54}},"3":{"start":{"line":19,"column":23},"end":{"line":29,"column":10}},"4":{"start":{"line":20,"column":22},"end":{"line":20,"column":33}},"5":{"start":{"line":23,"column":12},"end":{"line":23,"column":43}},"6":{"start":{"line":23,"column":27},"end":{"line":23,"column":43}},"7":{"start":{"line":26,"column":12},"end":{"line":26,"column":55}},"8":{"start":{"line":26,"column":37},"end":{"line":26,"column":55}},"9":{"start":{"line":28,"column":12},"end":{"line":28,"column":21}},"10":{"start":{"line":32,"column":24},"end":{"line":36,"column":10}},"11":{"start":{"line":34,"column":12},"end":{"line":34,"column":53}},"12":{"start":{"line":34,"column":35},"end":{"line":34,"column":53}},"13":{"start":{"line":35,"column":12},"end":{"line":35,"column":31}},"14":{"start":{"line":39,"column":31},"end":{"line":39,"column":33}},"15":{"start":{"line":40,"column":29},"end":{"line":40,"column":31}},"16":{"start":{"line":42,"column":8},"end":{"line":47,"column":9}},"17":{"start":{"line":42,"column":21},"end":{"line":42,"column":22}},"18":{"start":{"line":43,"column":12},"end":{"line":46,"column":13}},"19":{"start":{"line":44,"column":16},"end":{"line":44,"column":50}},"20":{"start":{"line":45,"column":16},"end":{"line":45,"column":46}},"21":{"start":{"line":52,"column":21},"end":{"line":52,"column":22}},"22":{"start":{"line":53,"column":27},"end":{"line":53,"column":66}},"23":{"start":{"line":56,"column":25},"end":{"line":56,"column":27}},"24":{"start":{"line":59,"column":8},"end":{"line":67,"column":9}},"25":{"start":{"line":59,"column":21},"end":{"line":59,"column":22}},"26":{"start":{"line":61,"column":12},"end":{"line":66,"column":13}},"27":{"start":{"line":62,"column":16},"end":{"line":62,"column":68}},"28":{"start":{"line":62,"column":59},"end":{"line":62,"column":68}},"29":{"start":{"line":65,"column":16},"end":{"line":65,"column":49}},"30":{"start":{"line":69,"column":26},"end":{"line":69,"column":45}},"31":{"start":{"line":72,"column":8},"end":{"line":74,"column":9}},"32":{"start":{"line":73,"column":12},"end":{"line":73,"column":91}},"33":{"start":{"line":77,"column":8},"end":{"line":81,"column":10}}},"fnMap":{"0":{"name":"(anonymous_0)","decl":{"start":{"line":13,"column":4},"end":{"line":13,"column":5}},"loc":{"start":{"line":13,"column":39},"end":{"line":82,"column":5}},"line":13},"1":{"name":"(anonymous_1)","decl":{"start":{"line":19,"column":37},"end":{"line":19,"column":38}},"loc":{"start":{"line":19,"column":49},"end":{"line":29,"column":9}},"line":19},"2":{"name":"(anonymous_2)","decl":{"start":{"line":32,"column":35},"end":{"line":32,"column":36}},"loc":{"start":{"line":32,"column":45},"end":{"line":36,"column":9}},"line":32}},"branchMap":{"0":{"loc":{"start":{"line":23,"column":12},"end":{"line":23,"column":43}},"type":"if","locations":[{"start":{"line":23,"column":12},"end":{"line":23,"column":43}},{"start":{},"end":{}}],"line":23},"1":{"loc":{"start":{"line":26,"column":12},"end":{"line":26,"column":55}},"type":"if","locations":[{"start":{"line":26,"column":12},"end":{"line":26,"column":55}},{"start":{},"end":{}}],"line":26},"2":{"loc":{"start":{"line":34,"column":12},"end":{"line":34,"column":53}},"type":"if","locations":[{"start":{"line":34,"column":12},"end":{"line":34,"column":53}},{"start":{},"end":{}}],"line":34},"3":{"loc":{"start":{"line":43,"column":12},"end":{"line":46,"column":13}},"type":"if","locations":[{"start":{"line":43,"column":12},"end":{"line":46,"column":13}},{"start":{},"end":{}}],"line":43},"4":{"loc":{"start":{"line":61,"column":12},"end":{"line":66,"column":13}},"type":"if","locations":[{"start":{"line":61,"column":12},"end":{"line":66,"column":13}},{"start":{"line":63,"column":19},"end":{"line":66,"column":13}}],"line":61},"5":{"loc":{"start":{"line":62,"column":16},"end":{"line":62,"column":68}},"type":"if","locations":[{"start":{"line":62,"column":16},"end":{"line":62,"column":68}},{"start":{},"end":{}}],"line":62},"6":{"loc":{"start":{"line":72,"column":8},"end":{"line":74,"column":9}},"type":"if","locations":[{"start":{"line":72,"column":8},"end":{"line":74,"column":9}},{"start":{},"end":{}}],"line":72}},"s":{"0":1,"1":1,"2":1,"3":1,"4":200,"5":200,"6":104,"7":200,"8":95,"9":200,"10":1,"11":200,"12":93,"13":200,"14":1,"15":1,"16":1,"17":1,"18":200,"19":106,"20":106,"21":1,"22":1,"23":1,"24":1,"25":1,"26":106,"27":10,"28":0,"29":96,"30":1,"31":1,"32":0,"33":1},"f":{"0":1,"1":200,"2":200},"b":{"0":[104,96],"1":[95,105],"2":[93,107],"3":[106,94],"4":[10,96],"5":[0,10],"6":[0,1]},"_coverageSchema":"1a1c01bbd47fc00a2c39e90264f33305004495a9","hash":"ad4f64aa4b8db8431fda7d85f5f364afa291dbc4"},"C:\\Users\\Douglas\\Desktop\\QubitSim\\src\\crypto\\encryptMessage.js":{"path":"C:\\Users\\Douglas\\Desktop\\QubitSim\\src\\crypto\\encryptMessage.js","statementMap":{"0":{"start":{"line":10,"column":15},"end":{"line":10,"column":17}},"1":{"start":{"line":11,"column":2},"end":{"line":16,"column":3}},"2":{"start":{"line":11,"column":15},"end":{"line":11,"column":16}},"3":{"start":{"line":12,"column":21},"end":{"line":12,"column":42}},"4":{"start":{"line":13,"column":4},"end":{"line":15,"column":5}},"5":{"start":{"line":13,"column":17},"end":{"line":13,"column":18}},"6":{"start":{"line":14,"column":6},"end":{"line":14,"column":37}},"7":{"start":{"line":19,"column":2},"end":{"line":21,"column":3}},"8":{"start":{"line":20,"column":4},"end":{"line":20,"column":115}},"9":{"start":{"line":24,"column":24},"end":{"line":24,"column":54}},"10":{"start":{"line":24,"column":43},"end":{"line":24,"column":53}},"11":{"start":{"line":26,"column":2},"end":{"line":26,"column":23}}},"fnMap":{"0":{"name":"encryptMessage","decl":{"start":{"line":8,"column":16},"end":{"line":8,"column":30}},"loc":{"start":{"line":8,"column":45},"end":{"line":27,"column":1}},"line":8},"1":{"name":"(anonymous_1)","decl":{"start":{"line":24,"column":33},"end":{"line":24,"column":34}},"loc":{"start":{"line":24,"column":43},"end":{"line":24,"column":53}},"line":24}},"branchMap":{"0":{"loc":{"start":{"line":19,"column":2},"end":{"line":21,"column":3}},"type":"if","locations":[{"start":{"line":19,"column":2},"end":{"line":21,"column":3}},{"start":{},"end":{}}],"line":19}},"s":{"0":1,"1":1,"2":1,"3":13,"4":13,"5":13,"6":104,"7":1,"8":0,"9":1,"10":104,"11":1},"f":{"0":1,"1":104},"b":{"0":[0,1]},"_coverageSchema":"1a1c01bbd47fc00a2c39e90264f33305004495a9","hash":"6fb9834f97b55c403a1524089bbccaf5b3481ad9"},"C:\\Users\\Douglas\\Desktop\\QubitSim\\src\\crypto\\decryptMessage.js":{"path":"C:\\Users\\Douglas\\Desktop\\QubitSim\\src\\crypto\\decryptMessage.js","statementMap":{"0":{"start":{"line":9,"column":2},"end":{"line":11,"column":3}},"1":{"start":{"line":10,"column":4},"end":{"line":10,"column":60}},"2":{"start":{"line":14,"column":24},"end":{"line":14,"column":63}},"3":{"start":{"line":14,"column":52},"end":{"line":14,"column":62}},"4":{"start":{"line":17,"column":16},"end":{"line":17,"column":18}},"5":{"start":{"line":18,"column":2},"end":{"line":27,"column":3}},"6":{"start":{"line":18,"column":15},"end":{"line":18,"column":16}},"7":{"start":{"line":19,"column":19},"end":{"line":19,"column":20}},"8":{"start":{"line":20,"column":4},"end":{"line":25,"column":5}},"9":{"start":{"line":20,"column":17},"end":{"line":20,"column":18}},"10":{"start":{"line":22,"column":6},"end":{"line":24,"column":7}},"11":{"start":{"line":23,"column":8},"end":{"line":23,"column":58}},"12":{"start":{"line":26,"column":4},"end":{"line":26,"column":45}},"13":{"start":{"line":28,"column":2},"end":{"line":28,"column":17}}},"fnMap":{"0":{"name":"decryptMessage","decl":{"start":{"line":8,"column":16},"end":{"line":8,"column":30}},"loc":{"start":{"line":8,"column":51},"end":{"line":29,"column":1}},"line":8},"1":{"name":"(anonymous_1)","decl":{"start":{"line":14,"column":42},"end":{"line":14,"column":43}},"loc":{"start":{"line":14,"column":52},"end":{"line":14,"column":62}},"line":14}},"branchMap":{"0":{"loc":{"start":{"line":9,"column":2},"end":{"line":11,"column":3}},"type":"if","locations":[{"start":{"line":9,"column":2},"end":{"line":11,"column":3}},{"start":{},"end":{}}],"line":9},"1":{"loc":{"start":{"line":22,"column":6},"end":{"line":24,"column":7}},"type":"if","locations":[{"start":{"line":22,"column":6},"end":{"line":24,"column":7}},{"start":{},"end":{}}],"line":22}},"s":{"0":1,"1":0,"2":1,"3":104,"4":1,"5":1,"6":1,"7":13,"8":13,"9":13,"10":104,"11":104,"12":13,"13":1},"f":{"0":1,"1":104},"b":{"0":[0,1],"1":[104,0]},"_coverageSchema":"1a1c01bbd47fc00a2c39e90264f33305004495a9","hash":"118e10175c2ac71320db182c90abe1fade678191"}}}
