TN:
SF:interface\src\algorithms\BernsteinVazirani.js
FN:9,(anonymous_0)
FN:17,(anonymous_1)
FNF:2
FNH:2
FNDA:4,(anonymous_0)
FNDA:4,(anonymous_1)
DA:10,4
DA:11,4
DA:13,4
DA:23,4
DA:24,4
DA:27,4
DA:28,15
DA:36,4
DA:41,4
DA:42,15
DA:47,4
DA:50,4
LF:12
LH:12
BRF:0
BRH:0
end_of_record
TN:
SF:interface\src\algorithms\DeutschJozsa.js
FN:11,deutschJozsaAlgorithm
FN:39,(anonymous_1)
FN:56,applyOracle
FN:102,(anonymous_3)
FN:105,(anonymous_4)
FN:108,(anonymous_5)
FN:111,(anonymous_6)
FN:112,(anonymous_7)
FN:116,(anonymous_8)
FN:117,(anonymous_9)
FN:128,runDeutschJozsaExample
FNF:11
FNH:8
FNDA:4,deutschJozsaAlgorithm
FNDA:6,(anonymous_1)
FNDA:4,applyOracle
FNDA:8,(anonymous_3)
FNDA:8,(anonymous_4)
FNDA:8,(anonymous_5)
FNDA:16,(anonymous_6)
FNDA:48,(anonymous_7)
FNDA:0,(anonymous_8)
FNDA:0,(anonymous_9)
FNDA:0,runDeutschJozsaExample
DA:13,4
DA:17,4
DA:20,4
DA:21,13
DA:25,4
DA:28,4
DA:29,9
DA:33,4
DA:34,4
DA:35,9
DA:39,6
DA:41,4
DA:58,4
DA:61,4
DA:63,4
DA:65,40
DA:66,40
DA:67,96
DA:71,40
DA:74,40
DA:80,40
DA:82,20
DA:83,10
DA:86,10
DA:87,10
DA:88,10
DA:94,4
DA:100,1
DA:102,8
DA:105,8
DA:108,8
DA:112,48
DA:117,0
DA:118,0
DA:129,0
DA:130,0
DA:131,0
DA:134,0
DA:136,0
DA:138,0
DA:139,0
DA:140,0
DA:142,0
LF:43
LH:32
BRDA:42,0,0,2
BRDA:42,0,1,2
BRDA:80,1,0,20
BRDA:80,1,1,20
BRDA:80,2,0,40
BRDA:80,2,1,20
BRDA:82,3,0,10
BRDA:82,3,1,10
BRDA:128,4,0,0
BRDA:130,5,0,0
BRDA:130,5,1,0
BRF:11
BRH:8
end_of_record
TN:
SF:interface\src\algorithms\Grover.js
FN:9,(anonymous_0)
FN:17,(anonymous_1)
FN:31,(anonymous_2)
FN:51,(anonymous_3)
FNF:4
FNH:4
FNDA:2,(anonymous_0)
FNDA:3,(anonymous_1)
FNDA:20,(anonymous_2)
FNDA:2,(anonymous_3)
DA:10,2
DA:11,2
DA:12,2
DA:13,2
DA:19,3
DA:20,8
DA:24,3
DA:25,8
DA:31,3
DA:33,20
DA:34,3
DA:36,17
DA:40,3
DA:41,8
DA:45,3
DA:46,8
DA:53,2
DA:54,5
DA:58,2
DA:60,3
DA:62,3
DA:66,2
DA:67,2
LF:23
LH:23
BRDA:33,0,0,3
BRDA:33,0,1,17
BRF:2
BRH:2
end_of_record
TN:
SF:interface\src\algorithms\QFT.js
FN:9,(anonymous_0)
FN:18,(anonymous_1)
FN:41,(anonymous_2)
FN:62,(anonymous_3)
FN:73,(anonymous_4)
FNF:5
FNH:3
FNDA:1,(anonymous_0)
FNDA:0,(anonymous_1)
FNDA:1,(anonymous_2)
FNDA:1,(anonymous_3)
FNDA:0,(anonymous_4)
DA:10,1
DA:11,1
DA:19,0
DA:20,0
DA:21,0
DA:25,0
DA:26,0
DA:33,0
DA:34,0
DA:43,1
DA:44,1
DA:48,1
DA:49,3
DA:50,3
DA:51,3
DA:53,3
DA:64,1
DA:65,1
DA:66,1
DA:75,0
DA:76,0
LF:21
LH:12
BRF:0
BRH:0
end_of_record
TN:
SF:interface\src\algorithms\Shor.js
FN:9,(anonymous_0)
FN:30,(anonymous_1)
FN:32,(anonymous_2)
FN:79,(anonymous_3)
FN:115,(anonymous_4)
FN:156,(anonymous_5)
FN:187,(anonymous_6)
FN:211,(anonymous_7)
FN:222,(anonymous_8)
FNF:9
FNH:5
FNDA:4,(anonymous_0)
FNDA:0,(anonymous_1)
FNDA:0,(anonymous_2)
FNDA:0,(anonymous_3)
FNDA:0,(anonymous_4)
FNDA:4,(anonymous_5)
FNDA:3,(anonymous_6)
FNDA:2,(anonymous_7)
FNDA:2,(anonymous_8)
DA:10,4
DA:11,4
DA:16,4
DA:17,4
DA:18,4
DA:21,4
DA:22,0
DA:25,4
DA:31,0
DA:32,0
DA:35,0
DA:37,0
DA:38,0
DA:39,0
DA:43,0
DA:45,0
DA:49,0
DA:51,0
DA:52,0
DA:57,0
DA:58,0
DA:59,0
DA:60,0
DA:61,0
DA:62,0
DA:63,0
DA:66,0
DA:69,0
DA:72,0
DA:75,0
DA:92,0
DA:103,0
DA:104,0
DA:105,0
DA:107,0
DA:123,0
DA:132,0
DA:133,0
DA:137,0
DA:147,0
DA:150,0
DA:152,0
DA:158,4
DA:160,4
DA:164,3
DA:167,3
DA:170,3
DA:172,2
DA:174,2
DA:177,1
DA:178,1
DA:181,1
DA:182,0
DA:184,0
DA:188,3
DA:189,3
DA:190,3
DA:191,3
DA:193,3
DA:194,6
DA:195,6
DA:196,6
DA:198,6
DA:199,6
DA:200,6
DA:202,6
DA:203,4
DA:205,4
DA:206,4
DA:208,3
DA:212,2
DA:213,2
DA:214,2
DA:215,4
DA:216,4
DA:217,4
DA:219,2
DA:223,2
DA:224,4
DA:225,4
DA:226,4
DA:228,2
LF:82
LH:45
BRDA:11,0,0,4
BRDA:11,0,1,0
BRDA:21,1,0,0
BRDA:21,1,1,4
BRDA:39,2,0,0
BRDA:39,2,1,0
BRDA:49,3,0,0
BRDA:49,3,1,0
BRDA:61,4,0,0
BRDA:61,4,1,0
BRDA:160,5,0,1
BRDA:160,5,1,3
BRDA:167,6,0,0
BRDA:167,6,1,3
BRDA:170,7,0,1
BRDA:170,7,1,2
BRDA:174,8,0,1
BRDA:174,8,1,1
BRDA:181,9,0,1
BRDA:181,9,1,0
BRDA:181,10,0,1
BRDA:181,10,1,1
BRDA:182,11,0,0
BRDA:182,11,1,0
BRDA:182,12,0,0
BRDA:182,12,1,0
BRDA:202,13,0,2
BRDA:202,13,1,4
BRDA:203,14,0,0
BRDA:203,14,1,4
BRDA:215,15,0,2
BRDA:215,15,1,2
BRF:32
BRH:17
end_of_record
TN:
SF:src\core\quantumRegister.js
FN:16,(anonymous_0)
FN:21,(anonymous_1)
FN:31,(anonymous_2)
FN:33,(anonymous_3)
FN:37,(anonymous_4)
FN:48,(anonymous_5)
FN:49,(anonymous_6)
FN:60,(anonymous_7)
FN:65,(anonymous_8)
FN:84,(anonymous_9)
FN:90,(anonymous_10)
FN:122,(anonymous_11)
FN:127,(anonymous_12)
FN:141,(anonymous_13)
FN:146,(anonymous_14)
FN:168,(anonymous_15)
FN:186,(anonymous_16)
FN:191,(anonymous_17)
FN:214,(anonymous_18)
FN:219,(anonymous_19)
FN:240,(anonymous_20)
FN:244,(anonymous_21)
FN:263,(anonymous_22)
FN:276,(anonymous_23)
FN:277,(anonymous_24)
FN:279,(anonymous_25)
FN:283,(anonymous_26)
FN:299,(anonymous_27)
FN:302,(anonymous_28)
FN:322,(anonymous_29)
FN:329,(anonymous_30)
FN:335,(anonymous_31)
FN:340,(anonymous_32)
FN:365,(anonymous_33)
FN:369,(anonymous_34)
FN:395,(anonymous_35)
FN:397,(anonymous_36)
FN:430,(anonymous_37)
FN:447,(anonymous_38)
FN:477,(anonymous_39)
FN:499,(anonymous_40)
FN:528,(anonymous_41)
FN:529,(anonymous_42)
FN:538,(anonymous_43)
FN:554,(anonymous_44)
FN:571,(anonymous_45)
FN:573,(anonymous_46)
FNF:47
FNH:32
FNDA:27,(anonymous_0)
FNDA:13038,(anonymous_1)
FNDA:27,(anonymous_2)
FNDA:13038,(anonymous_3)
FNDA:13038,(anonymous_4)
FNDA:0,(anonymous_5)
FNDA:0,(anonymous_6)
FNDA:0,(anonymous_7)
FNDA:0,(anonymous_8)
FNDA:87,(anonymous_9)
FNDA:1650,(anonymous_10)
FNDA:33,(anonymous_11)
FNDA:328,(anonymous_12)
FNDA:1,(anonymous_13)
FNDA:2,(anonymous_14)
FNDA:1,(anonymous_15)
FNDA:15,(anonymous_16)
FNDA:464,(anonymous_17)
FNDA:1,(anonymous_18)
FNDA:4,(anonymous_19)
FNDA:2,(anonymous_20)
FNDA:8,(anonymous_21)
FNDA:2,(anonymous_22)
FNDA:0,(anonymous_23)
FNDA:0,(anonymous_24)
FNDA:0,(anonymous_25)
FNDA:0,(anonymous_26)
FNDA:0,(anonymous_27)
FNDA:0,(anonymous_28)
FNDA:1,(anonymous_29)
FNDA:0,(anonymous_30)
FNDA:2,(anonymous_31)
FNDA:2,(anonymous_32)
FNDA:1,(anonymous_33)
FNDA:2,(anonymous_34)
FNDA:10,(anonymous_35)
FNDA:164,(anonymous_36)
FNDA:9,(anonymous_37)
FNDA:96,(anonymous_38)
FNDA:0,(anonymous_39)
FNDA:2,(anonymous_40)
FNDA:1,(anonymous_41)
FNDA:4,(anonymous_42)
FNDA:3,(anonymous_43)
FNDA:0,(anonymous_44)
FNDA:0,(anonymous_45)
FNDA:0,(anonymous_46)
DA:17,27
DA:18,27
DA:21,27
DA:22,13038
DA:25,27
DA:32,27
DA:33,13038
DA:36,27
DA:37,27
DA:38,13038
DA:49,0
DA:50,0
DA:51,0
DA:53,0
DA:61,0
DA:62,0
DA:63,0
DA:65,0
DA:68,0
DA:70,0
DA:72,0
DA:75,0
DA:76,0
DA:77,0
DA:85,87
DA:86,0
DA:89,87
DA:90,1650
DA:92,87
DA:93,1650
DA:94,1650
DA:96,1650
DA:98,825
DA:101,825
DA:106,825
DA:109,825
DA:115,87
DA:123,33
DA:124,1
DA:127,328
DA:129,32
DA:130,328
DA:131,328
DA:134,32
DA:142,1
DA:143,0
DA:146,2
DA:148,1
DA:149,2
DA:150,2
DA:152,2
DA:154,1
DA:157,1
DA:161,1
DA:169,1
DA:170,0
DA:173,1
DA:174,2
DA:175,2
DA:176,1
DA:187,15
DA:188,0
DA:191,464
DA:193,15
DA:194,464
DA:196,464
DA:198,232
DA:199,232
DA:202,232
DA:206,15
DA:215,1
DA:216,0
DA:217,0
DA:219,4
DA:220,1
DA:221,4
DA:222,4
DA:223,4
DA:224,2
DA:225,2
DA:226,2
DA:228,2
DA:231,1
DA:241,2
DA:242,1
DA:244,8
DA:245,1
DA:246,8
DA:247,8
DA:248,8
DA:249,2
DA:250,2
DA:252,6
DA:255,1
DA:264,2
DA:265,1
DA:267,1
DA:268,1
DA:269,2
DA:270,2
DA:271,1
DA:276,0
DA:277,0
DA:280,0
DA:281,0
DA:282,0
DA:283,0
DA:284,0
DA:285,0
DA:286,0
DA:287,0
DA:288,0
DA:289,0
DA:290,0
DA:292,0
DA:293,0
DA:296,0
DA:300,0
DA:301,0
DA:302,0
DA:303,0
DA:304,0
DA:305,0
DA:306,0
DA:307,0
DA:308,0
DA:309,0
DA:311,0
DA:312,0
DA:315,0
DA:323,1
DA:330,0
DA:336,2
DA:338,1
DA:339,1
DA:340,2
DA:342,1
DA:343,2
DA:344,2
DA:349,2
DA:352,2
DA:354,1
DA:355,1
DA:358,1
DA:359,1
DA:362,1
DA:367,1
DA:368,1
DA:369,2
DA:371,1
DA:372,2
DA:373,2
DA:375,2
DA:377,2
DA:379,1
DA:380,1
DA:383,1
DA:384,1
DA:387,1
DA:397,164
DA:400,10
DA:401,10
DA:402,10
DA:404,10
DA:405,131
DA:406,131
DA:407,10
DA:408,10
DA:413,10
DA:414,10
DA:417,10
DA:418,10
DA:419,34
DA:422,10
DA:431,9
DA:432,0
DA:436,9
DA:437,9
DA:438,96
DA:439,96
DA:440,48
DA:444,9
DA:447,96
DA:448,9
DA:450,9
DA:451,96
DA:452,96
DA:453,48
DA:454,48
DA:459,9
DA:460,9
DA:461,9
DA:462,96
DA:469,9
DA:470,9
DA:478,0
DA:480,0
DA:481,0
DA:484,0
DA:485,0
DA:486,0
DA:489,0
DA:492,0
DA:500,2
DA:502,2
DA:503,4
DA:505,4
DA:506,4
DA:507,2
DA:511,4
DA:513,4
DA:514,3
DA:516,1
DA:521,2
DA:529,4
DA:539,3
DA:541,3
DA:542,24
DA:543,24
DA:545,24
DA:546,6
DA:556,0
DA:557,0
DA:558,0
DA:559,0
DA:561,0
DA:572,0
DA:573,0
DA:574,0
DA:576,0
LF:230
LH:162
BRDA:22,0,0,27
BRDA:22,0,1,13011
BRDA:36,1,0,27
BRDA:36,1,1,0
BRDA:48,2,0,0
BRDA:85,3,0,0
BRDA:85,3,1,87
BRDA:96,4,0,825
BRDA:96,4,1,825
BRDA:123,5,0,1
BRDA:123,5,1,32
BRDA:142,6,0,0
BRDA:142,6,1,1
BRDA:152,7,0,1
BRDA:152,7,1,1
BRDA:169,8,0,0
BRDA:169,8,1,1
BRDA:175,9,0,1
BRDA:175,9,1,1
BRDA:187,10,0,0
BRDA:187,10,1,15
BRDA:187,11,0,15
BRDA:187,11,1,15
BRDA:196,12,0,232
BRDA:196,12,1,232
BRDA:215,13,0,0
BRDA:215,13,1,1
BRDA:215,14,0,1
BRDA:215,14,1,1
BRDA:223,15,0,2
BRDA:223,15,1,2
BRDA:241,16,0,1
BRDA:241,16,1,1
BRDA:241,17,0,2
BRDA:241,17,1,2
BRDA:241,17,2,2
BRDA:248,18,0,2
BRDA:248,18,1,6
BRDA:248,19,0,8
BRDA:248,19,1,4
BRDA:264,20,0,1
BRDA:264,20,1,1
BRDA:270,21,0,1
BRDA:270,21,1,1
BRDA:280,22,0,0
BRDA:280,22,1,0
BRDA:288,23,0,0
BRDA:288,23,1,0
BRDA:307,24,0,0
BRDA:307,24,1,0
BRDA:336,25,0,1
BRDA:336,25,1,1
BRDA:352,26,0,1
BRDA:352,26,1,1
BRDA:377,27,0,1
BRDA:377,27,1,1
BRDA:406,28,0,10
BRDA:406,28,1,121
BRDA:431,29,0,0
BRDA:431,29,1,9
BRDA:439,30,0,48
BRDA:439,30,1,48
BRDA:444,31,0,5
BRDA:444,31,1,4
BRDA:452,32,0,48
BRDA:452,32,1,48
BRDA:459,33,0,9
BRDA:459,33,1,0
BRDA:505,34,0,4
BRDA:505,34,1,0
BRDA:505,35,0,4
BRDA:505,35,1,1
BRDA:506,36,0,2
BRDA:506,36,1,2
BRDA:513,37,0,3
BRDA:513,37,1,1
BRDA:516,38,0,0
BRDA:516,38,1,1
BRDA:521,39,0,2
BRDA:521,39,1,0
BRDA:545,40,0,6
BRDA:545,40,1,18
BRDA:545,41,0,24
BRDA:545,41,1,12
BRF:84
BRH:66
end_of_record
TN:
SF:src\core\qubit.js
FN:10,(anonymous_0)
FN:16,(anonymous_1)
FN:21,(anonymous_2)
FN:26,(anonymous_3)
FN:33,(anonymous_4)
FN:38,(anonymous_5)
FN:57,(anonymous_6)
FN:66,(anonymous_7)
FN:81,(anonymous_8)
FN:95,(anonymous_9)
FN:117,(anonymous_10)
FN:135,(anonymous_11)
FN:144,(anonymous_12)
FN:155,(anonymous_13)
FN:163,(anonymous_14)
FN:184,(anonymous_15)
FN:205,(anonymous_16)
FN:217,(anonymous_17)
FN:226,(anonymous_18)
FN:260,(anonymous_19)
FN:271,(anonymous_20)
FNF:21
FNH:19
FNDA:45970,(anonymous_0)
FNDA:16953,(anonymous_1)
FNDA:0,(anonymous_2)
FNDA:3319,(anonymous_3)
FNDA:3310,(anonymous_4)
FNDA:6,(anonymous_5)
FNDA:914,(anonymous_6)
FNDA:915,(anonymous_7)
FNDA:1,(anonymous_8)
FNDA:904,(anonymous_9)
FNDA:897,(anonymous_10)
FNDA:100,(anonymous_11)
FNDA:1,(anonymous_12)
FNDA:1,(anonymous_13)
FNDA:1,(anonymous_14)
FNDA:1,(anonymous_15)
FNDA:1,(anonymous_16)
FNDA:0,(anonymous_17)
FNDA:2,(anonymous_18)
FNDA:1,(anonymous_19)
FNDA:1,(anonymous_20)
DA:11,45970
DA:12,45970
DA:17,16953
DA:22,0
DA:27,3319
DA:28,3319
DA:29,3319
DA:34,3310
DA:39,6
DA:58,914
DA:59,914
DA:60,914
DA:67,915
DA:70,915
DA:71,915
DA:72,915
DA:82,1
DA:83,1
DA:85,1
DA:86,1
DA:88,1
DA:96,904
DA:97,904
DA:99,904
DA:101,904
DA:103,452
DA:104,452
DA:105,452
DA:108,452
DA:109,452
DA:110,452
DA:118,897
DA:119,897
DA:123,897
DA:128,897
DA:129,897
DA:136,100
DA:137,100
DA:138,100
DA:145,1
DA:146,1
DA:148,1
DA:149,1
DA:156,1
DA:164,1
DA:165,1
DA:167,1
DA:171,1
DA:176,1
DA:177,1
DA:185,1
DA:186,1
DA:188,1
DA:192,1
DA:197,1
DA:198,1
DA:206,1
DA:207,1
DA:209,1
DA:210,1
DA:218,0
DA:219,0
DA:227,2
DA:228,2
DA:230,2
DA:233,2
DA:234,1
DA:235,1
DA:237,0
DA:242,2
DA:243,1
DA:244,0
DA:246,1
DA:247,1
DA:249,0
DA:253,2
DA:261,1
DA:272,1
LF:78
LH:72
BRDA:10,0,0,0
BRDA:10,1,0,0
BRDA:57,2,0,906
BRDA:57,3,0,906
BRDA:70,4,0,915
BRDA:70,4,1,0
BRDA:81,5,0,0
BRDA:101,6,0,452
BRDA:101,6,1,452
BRDA:233,7,0,1
BRDA:233,7,1,1
BRDA:233,8,0,2
BRDA:233,8,1,1
BRDA:234,9,0,1
BRDA:234,9,1,0
BRDA:237,10,0,0
BRDA:237,10,1,0
BRDA:242,11,0,1
BRDA:242,11,1,1
BRDA:242,12,0,2
BRDA:242,12,1,1
BRDA:243,13,0,0
BRDA:243,13,1,1
BRDA:246,14,0,1
BRDA:246,14,1,0
BRDA:249,15,0,0
BRDA:249,15,1,0
BRDA:253,16,0,2
BRDA:253,16,1,0
BRF:29
BRH:17
end_of_record
TN:
SF:src\core\unified_physics.js
FN:16,calculateVacuumFluctuation
FN:37,entropicOptimizer
FN:54,(anonymous_2)
FN:60,(anonymous_3)
FN:89,calculateEntropicGravity
FN:112,calculateHolographicEntropy
FNF:6
FNH:6
FNDA:3,calculateVacuumFluctuation
FNDA:2,entropicOptimizer
FNDA:1200,(anonymous_2)
FNDA:1200,(anonymous_3)
FNDA:3,calculateEntropicGravity
FNDA:3,calculateHolographicEntropy
DA:7,10
DA:18,3
DA:19,3
DA:22,3
DA:24,3
DA:25,3
DA:27,3
DA:42,2
DA:44,2
DA:45,2
DA:46,2
DA:48,2
DA:50,1200
DA:54,1200
DA:55,1200
DA:56,1200
DA:60,1200
DA:63,1200
DA:64,1200
DA:65,1200
DA:68,1200
DA:71,1200
DA:72,953
DA:73,953
DA:74,58
DA:75,58
DA:80,2
DA:90,3
DA:97,3
DA:98,3
DA:102,3
DA:104,3
DA:115,3
DA:116,3
LF:34
LH:34
BRDA:16,0,0,0
BRDA:37,1,0,1
BRDA:39,2,0,2
BRDA:40,3,0,1
BRDA:41,4,0,2
BRDA:71,5,0,953
BRDA:71,5,1,247
BRDA:71,6,0,1200
BRDA:71,6,1,695
BRDA:73,7,0,58
BRDA:73,7,1,895
BRDA:90,8,0,0
BRDA:90,8,1,3
BRF:13
BRH:11
end_of_record
TN:
SF:src\crypto\bb84.js
FN:13,(anonymous_0)
FN:19,(anonymous_1)
FN:32,(anonymous_2)
FNF:3
FNH:3
FNDA:1,(anonymous_0)
FNDA:200,(anonymous_1)
FNDA:200,(anonymous_2)
DA:14,1
DA:15,1
DA:16,1
DA:19,1
DA:20,200
DA:23,200
DA:26,200
DA:28,200
DA:32,1
DA:34,200
DA:35,200
DA:39,1
DA:40,1
DA:42,1
DA:43,200
DA:44,97
DA:45,97
DA:52,1
DA:53,1
DA:56,1
DA:59,1
DA:61,97
DA:62,9
DA:65,88
DA:69,1
DA:72,1
DA:73,0
DA:77,1
LF:28
LH:27
BRDA:23,0,0,98
BRDA:23,0,1,102
BRDA:26,1,0,89
BRDA:26,1,1,111
BRDA:34,2,0,104
BRDA:34,2,1,96
BRDA:43,3,0,97
BRDA:43,3,1,103
BRDA:61,4,0,9
BRDA:61,4,1,88
BRDA:62,5,0,0
BRDA:62,5,1,9
BRDA:72,6,0,0
BRDA:72,6,1,1
BRF:14
BRH:12
end_of_record
TN:
SF:src\crypto\decryptMessage.js
FN:8,decryptMessage
FN:14,(anonymous_1)
FNF:2
FNH:2
FNDA:1,decryptMessage
FNDA:104,(anonymous_1)
DA:9,1
DA:10,0
DA:14,104
DA:17,1
DA:18,1
DA:19,13
DA:20,13
DA:22,104
DA:23,104
DA:26,13
DA:28,1
LF:11
LH:10
BRDA:9,0,0,0
BRDA:9,0,1,1
BRDA:22,1,0,104
BRDA:22,1,1,0
BRF:4
BRH:2
end_of_record
TN:
SF:src\crypto\encryptMessage.js
FN:8,encryptMessage
FN:24,(anonymous_1)
FNF:2
FNH:2
FNDA:1,encryptMessage
FNDA:104,(anonymous_1)
DA:10,1
DA:11,1
DA:12,13
DA:13,13
DA:14,104
DA:19,1
DA:20,0
DA:24,104
DA:26,1
LF:9
LH:8
BRDA:19,0,0,0
BRDA:19,0,1,1
BRF:2
BRH:1
end_of_record
TN:
SF:src\crypto\generateKey.js
FN:3,generateRandomKey
FNF:1
FNH:1
FNDA:4,generateRandomKey
DA:4,4
DA:5,4
DA:7,704
DA:10,704
DA:13,704
DA:15,704
DA:17,4
LF:7
LH:7
BRF:0
BRH:0
end_of_record
